<?xml version="1.0" encoding="UTF-8"?>
<coverage generated="1784864949772" clover="3.2.0">
  <project timestamp="1784864949772" name="All files">
    <metrics statements="768" coveredstatements="768" conditionals="697" coveredconditionals="661" methods="168" coveredmethods="168" elements="1633" coveredelements="1597" complexity="0" loc="768" ncloc="768" packages="9" files="46" classes="46"/>
    <package name="src">
      <metrics statements="62" coveredstatements="62" conditionals="30" coveredconditionals="28" methods="10" coveredmethods="10"/>
      <file name="dispatcher.ts" path="/Users/matte/projects/pleasantliving/tsairbnb/src/dispatcher.ts">
        <metrics statements="34" coveredstatements="34" conditionals="8" coveredconditionals="8" methods="3" coveredmethods="3"/>
        <line num="16" count="1" type="stmt"/>
        <line num="23" count="1" type="stmt"/>
        <line num="26" count="20" type="stmt"/>
        <line num="30" count="1" type="stmt"/>
        <line num="34" count="5" type="stmt"/>
        <line num="35" count="5" type="cond" truecount="2" falsecount="0"/>
        <line num="36" count="1" type="stmt"/>
        <line num="38" count="4" type="stmt"/>
        <line num="39" count="4" type="stmt"/>
        <line num="40" count="4" type="cond" truecount="2" falsecount="0"/>
        <line num="41" count="1" type="stmt"/>
        <line num="44" count="3" type="cond" truecount="4" falsecount="0"/>
        <line num="45" count="1" type="stmt"/>
        <line num="48" count="2" type="stmt"/>
        <line num="49" count="2" type="stmt"/>
        <line num="50" count="2" type="stmt"/>
        <line num="51" count="2" type="stmt"/>
        <line num="53" count="1" type="stmt"/>
        <line num="75" count="1" type="stmt"/>
        <line num="76" count="1" type="stmt"/>
        <line num="77" count="1" type="stmt"/>
        <line num="78" count="1" type="stmt"/>
        <line num="79" count="1" type="stmt"/>
        <line num="80" count="1" type="stmt"/>
        <line num="81" count="1" type="stmt"/>
        <line num="82" count="1" type="stmt"/>
        <line num="83" count="1" type="stmt"/>
        <line num="84" count="1" type="stmt"/>
        <line num="85" count="1" type="stmt"/>
        <line num="86" count="1" type="stmt"/>
        <line num="87" count="1" type="stmt"/>
        <line num="88" count="1" type="stmt"/>
        <line num="89" count="1" type="stmt"/>
        <line num="90" count="1" type="stmt"/>
      </file>
      <file name="lambda.ts" path="/Users/matte/projects/pleasantliving/tsairbnb/src/lambda.ts">
        <metrics statements="22" coveredstatements="22" conditionals="22" coveredconditionals="20" methods="4" coveredmethods="4"/>
        <line num="14" count="2" type="stmt"/>
        <line num="16" count="14" type="cond" truecount="2" falsecount="0"/>
        <line num="17" count="2" type="stmt"/>
        <line num="20" count="2" type="stmt"/>
        <line num="24" count="14" type="stmt"/>
        <line num="27" count="14" type="stmt"/>
        <line num="28" count="14" type="cond" truecount="2" falsecount="0"/>
        <line num="29" count="15" type="cond" truecount="1" falsecount="1"/>
        <line num="31" count="14" type="stmt"/>
        <line num="32" count="14" type="cond" truecount="2" falsecount="0"/>
        <line num="35" count="14" type="cond" truecount="2" falsecount="0"/>
        <line num="36" count="5" type="stmt"/>
        <line num="41" count="9" type="cond" truecount="2" falsecount="0"/>
        <line num="42" count="4" type="cond" truecount="2" falsecount="0"/>
        <line num="43" count="2" type="stmt"/>
        <line num="44" count="2" type="cond" truecount="1" falsecount="1"/>
        <line num="45" count="2" type="stmt"/>
        <line num="49" count="7" type="stmt"/>
        <line num="50" count="7" type="stmt"/>
        <line num="51" count="7" type="cond" truecount="6" falsecount="0"/>
        <line num="52" count="14" type="stmt"/>
        <line num="56" count="14" type="stmt"/>
      </file>
      <file name="telemetry.ts" path="/Users/matte/projects/pleasantliving/tsairbnb/src/telemetry.ts">
        <metrics statements="6" coveredstatements="6" conditionals="0" coveredconditionals="0" methods="3" coveredmethods="3"/>
        <line num="15" count="18" type="stmt"/>
        <line num="19" count="5" type="stmt"/>
        <line num="20" count="5" type="stmt"/>
        <line num="24" count="190" type="stmt"/>
        <line num="25" count="7" type="stmt"/>
        <line num="26" count="7" type="stmt"/>
      </file>
    </package>
    <package name="src.codecs">
      <metrics statements="7" coveredstatements="7" conditionals="3" coveredconditionals="3" methods="3" coveredmethods="3"/>
      <file name="ids.ts" path="/Users/matte/projects/pleasantliving/tsairbnb/src/codecs/ids.ts">
        <metrics statements="7" coveredstatements="7" conditionals="3" coveredconditionals="3" methods="3" coveredmethods="3"/>
        <line num="8" count="7" type="stmt"/>
        <line num="13" count="38" type="stmt"/>
        <line num="14" count="38" type="stmt"/>
        <line num="16" count="1" type="stmt"/>
        <line num="18" count="37" type="stmt"/>
        <line num="19" count="37" type="cond" truecount="2" falsecount="0"/>
        <line num="23" count="10" type="stmt"/>
      </file>
    </package>
    <package name="src.config">
      <metrics statements="25" coveredstatements="25" conditionals="11" coveredconditionals="11" methods="5" coveredmethods="5"/>
      <file name="defaults.ts" path="/Users/matte/projects/pleasantliving/tsairbnb/src/config/defaults.ts">
        <metrics statements="2" coveredstatements="2" conditionals="0" coveredconditionals="0" methods="0" coveredmethods="0"/>
        <line num="4" count="26" type="stmt"/>
        <line num="12" count="26" type="stmt"/>
      </file>
      <file name="load.ts" path="/Users/matte/projects/pleasantliving/tsairbnb/src/config/load.ts">
        <metrics statements="10" coveredstatements="10" conditionals="4" coveredconditionals="4" methods="4" coveredmethods="4"/>
        <line num="10" count="26" type="stmt"/>
        <line num="13" count="357" type="stmt"/>
        <line num="17" count="62" type="stmt"/>
        <line num="22" count="6" type="stmt"/>
        <line num="23" count="6" type="stmt"/>
        <line num="24" count="6" type="stmt"/>
        <line num="32" count="176" type="stmt"/>
        <line num="33" count="176" type="cond" truecount="2" falsecount="0"/>
        <line num="35" count="175" type="cond" truecount="2" falsecount="0"/>
        <line num="36" count="176" type="stmt"/>
      </file>
      <file name="schema.ts" path="/Users/matte/projects/pleasantliving/tsairbnb/src/config/schema.ts">
        <metrics statements="1" coveredstatements="1" conditionals="0" coveredconditionals="0" methods="0" coveredmethods="0"/>
        <line num="7" count="26" type="stmt"/>
      </file>
      <file name="ssm-bootstrap.ts" path="/Users/matte/projects/pleasantliving/tsairbnb/src/config/ssm-bootstrap.ts">
        <metrics statements="12" coveredstatements="12" conditionals="7" coveredconditionals="7" methods="1" coveredmethods="1"/>
        <line num="7" count="1" type="stmt"/>
        <line num="10" count="4" type="cond" truecount="2" falsecount="0"/>
        <line num="11" count="1" type="stmt"/>
        <line num="13" count="1" type="stmt"/>
        <line num="14" count="1" type="cond" truecount="3" falsecount="0"/>
        <line num="15" count="4" type="stmt"/>
        <line num="16" count="4" type="stmt"/>
        <line num="17" count="1" type="stmt"/>
        <line num="18" count="4" type="cond" truecount="2" falsecount="0"/>
        <line num="19" count="1" type="stmt"/>
        <line num="20" count="1" type="stmt"/>
        <line num="25" count="1" type="stmt"/>
      </file>
    </package>
    <package name="src.endpoints">
      <metrics statements="225" coveredstatements="225" conditionals="273" coveredconditionals="260" methods="48" coveredmethods="48"/>
      <file name="experience-search-by-place-id.ts" path="/Users/matte/projects/pleasantliving/tsairbnb/src/endpoints/experience-search-by-place-id.ts">
        <metrics statements="5" coveredstatements="5" conditionals="6" coveredconditionals="4" methods="4" coveredmethods="4"/>
        <line num="15" count="3" type="stmt"/>
        <line num="25" count="11" type="stmt"/>
        <line num="26" count="11" type="stmt"/>
        <line num="27" count="11" type="stmt"/>
        <line num="28" count="11" type="stmt"/>
      </file>
      <file name="experience-search.ts" path="/Users/matte/projects/pleasantliving/tsairbnb/src/endpoints/experience-search.ts">
        <metrics statements="33" coveredstatements="33" conditionals="38" coveredconditionals="37" methods="1" coveredmethods="1"/>
        <line num="19" count="16" type="cond" truecount="2" falsecount="0"/>
        <line num="20" count="2" type="stmt"/>
        <line num="21" count="2" type="stmt"/>
        <line num="22" count="2" type="cond" truecount="1" falsecount="1"/>
        <line num="23" count="2" type="stmt"/>
        <line num="26" count="14" type="stmt"/>
        <line num="27" count="14" type="cond" truecount="2" falsecount="0"/>
        <line num="28" count="16" type="cond" truecount="2" falsecount="0"/>
        <line num="31" count="16" type="stmt"/>
        <line num="32" count="14" type="cond" truecount="2" falsecount="0"/>
        <line num="33" count="13" type="stmt"/>
        <line num="34" count="13" type="cond" truecount="2" falsecount="0"/>
        <line num="35" count="12" type="cond" truecount="2" falsecount="0"/>
        <line num="36" count="16" type="cond" truecount="2" falsecount="0"/>
        <line num="37" count="16" type="cond" truecount="4" falsecount="0"/>
        <line num="40" count="10" type="stmt"/>
        <line num="41" count="10" type="cond" truecount="2" falsecount="0"/>
        <line num="42" count="9" type="stmt"/>
        <line num="43" count="9" type="cond" truecount="2" falsecount="0"/>
        <line num="44" count="8" type="cond" truecount="2" falsecount="0"/>
        <line num="45" count="16" type="cond" truecount="2" falsecount="0"/>
        <line num="46" count="16" type="cond" truecount="2" falsecount="0"/>
        <line num="49" count="7" type="stmt"/>
        <line num="50" count="7" type="stmt"/>
        <line num="51" count="7" type="stmt"/>
        <line num="52" count="7" type="stmt"/>
        <line num="53" count="8" type="stmt"/>
        <line num="64" count="8" type="cond" truecount="2" falsecount="0"/>
        <line num="65" count="7" type="stmt"/>
        <line num="66" count="7" type="stmt"/>
        <line num="67" count="7" type="cond" truecount="2" falsecount="0"/>
        <line num="70" count="6" type="stmt"/>
        <line num="71" count="6" type="stmt"/>
      </file>
      <file name="fetch-stays-search-hash.ts" path="/Users/matte/projects/pleasantliving/tsairbnb/src/endpoints/fetch-stays-search-hash.ts">
        <metrics statements="10" coveredstatements="10" conditionals="6" coveredconditionals="6" methods="1" coveredmethods="1"/>
        <line num="16" count="5" type="cond" truecount="2" falsecount="0"/>
        <line num="17" count="3" type="cond" truecount="2" falsecount="0"/>
        <line num="18" count="3" type="cond" truecount="2" falsecount="0"/>
        <line num="19" count="2" type="stmt"/>
        <line num="22" count="2" type="stmt"/>
        <line num="23" count="2" type="stmt"/>
        <line num="24" count="2" type="stmt"/>
        <line num="25" count="1" type="stmt"/>
        <line num="28" count="1" type="stmt"/>
        <line num="29" count="1" type="stmt"/>
      </file>
      <file name="get-api-key.ts" path="/Users/matte/projects/pleasantliving/tsairbnb/src/endpoints/get-api-key.ts">
        <metrics statements="14" coveredstatements="14" conditionals="13" coveredconditionals="13" methods="2" coveredmethods="2"/>
        <line num="12" count="2" type="stmt"/>
        <line num="13" count="2" type="stmt"/>
        <line num="20" count="5" type="cond" truecount="2" falsecount="0"/>
        <line num="21" count="2" type="stmt"/>
        <line num="22" count="2" type="cond" truecount="2" falsecount="0"/>
        <line num="23" count="1" type="stmt"/>
        <line num="26" count="3" type="stmt"/>
        <line num="27" count="3" type="stmt"/>
        <line num="28" count="3" type="stmt"/>
        <line num="29" count="3" type="cond" truecount="2" falsecount="0"/>
        <line num="31" count="2" type="stmt"/>
        <line num="32" count="2" type="cond" truecount="2" falsecount="0"/>
        <line num="33" count="1" type="stmt"/>
        <line num="42" count="2" type="stmt"/>
      </file>
      <file name="get-calendar.ts" path="/Users/matte/projects/pleasantliving/tsairbnb/src/endpoints/get-calendar.ts">
        <metrics statements="4" coveredstatements="4" conditionals="6" coveredconditionals="6" methods="2" coveredmethods="2"/>
        <line num="16" count="3" type="stmt"/>
        <line num="22" count="3" type="stmt"/>
        <line num="24" count="3" type="stmt"/>
        <line num="25" count="3" type="stmt"/>
      </file>
      <file name="get-details.ts" path="/Users/matte/projects/pleasantliving/tsairbnb/src/endpoints/get-details.ts">
        <metrics statements="34" coveredstatements="34" conditionals="65" coveredconditionals="58" methods="2" coveredmethods="2"/>
        <line num="32" count="19" type="cond" truecount="2" falsecount="0"/>
        <line num="33" count="1" type="stmt"/>
        <line num="34" count="1" type="stmt"/>
        <line num="35" count="1" type="cond" truecount="1" falsecount="1"/>
        <line num="36" count="1" type="stmt"/>
        <line num="44" count="18" type="cond" truecount="4" falsecount="0"/>
        <line num="45" count="19" type="cond" truecount="2" falsecount="0"/>
        <line num="47" count="17" type="stmt"/>
        <line num="48" count="17" type="stmt"/>
        <line num="51" count="17" type="cond" truecount="2" falsecount="0"/>
        <line num="52" count="17" type="cond" truecount="2" falsecount="0"/>
        <line num="53" count="16" type="cond" truecount="2" falsecount="0"/>
        <line num="54" count="19" type="cond" truecount="2" falsecount="0"/>
        <line num="55" count="19" type="stmt"/>
        <line num="58" count="19" type="stmt"/>
        <line num="59" count="16" type="stmt"/>
        <line num="60" count="16" type="cond" truecount="1" falsecount="1"/>
        <line num="61" count="16" type="stmt"/>
        <line num="63" count="16" type="stmt"/>
        <line num="66" count="16" type="stmt"/>
        <line num="71" count="16" type="cond" truecount="4" falsecount="0"/>
        <line num="72" count="2" type="cond" truecount="2" falsecount="0"/>
        <line num="73" count="16" type="cond" truecount="4" falsecount="0"/>
        <line num="74" count="16" type="cond" truecount="3" falsecount="1"/>
        <line num="77" count="16" type="cond" truecount="7" falsecount="0"/>
        <line num="78" count="1" type="stmt"/>
        <line num="88" count="1" type="cond" truecount="1" falsecount="1"/>
        <line num="89" count="1" type="stmt"/>
        <line num="90" count="15" type="cond" truecount="4" falsecount="0"/>
        <line num="91" count="10" type="stmt"/>
        <line num="94" count="16" type="stmt"/>
        <line num="95" count="16" type="stmt"/>
        <line num="104" count="1" type="stmt"/>
        <line num="105" count="1" type="cond" truecount="2" falsecount="0"/>
      </file>
      <file name="get-host-details.ts" path="/Users/matte/projects/pleasantliving/tsairbnb/src/endpoints/get-host-details.ts">
        <metrics statements="4" coveredstatements="4" conditionals="0" coveredconditionals="0" methods="3" coveredmethods="3"/>
        <line num="16" count="3" type="stmt"/>
        <line num="22" count="2" type="stmt"/>
        <line num="23" count="2" type="stmt"/>
        <line num="24" count="2" type="stmt"/>
      </file>
      <file name="get-listings-from-user.ts" path="/Users/matte/projects/pleasantliving/tsairbnb/src/endpoints/get-listings-from-user.ts">
        <metrics statements="10" coveredstatements="10" conditionals="2" coveredconditionals="2" methods="6" coveredmethods="6"/>
        <line num="16" count="2" type="stmt"/>
        <line num="18" count="2" type="stmt"/>
        <line num="29" count="4" type="stmt"/>
        <line num="30" count="6" type="stmt"/>
        <line num="31" count="6" type="stmt"/>
        <line num="32" count="2" type="stmt"/>
        <line num="33" count="5" type="stmt"/>
        <line num="38" count="5" type="stmt"/>
        <line num="39" count="5" type="cond" truecount="2" falsecount="0"/>
        <line num="40" count="4" type="stmt"/>
      </file>
      <file name="get-markets.ts" path="/Users/matte/projects/pleasantliving/tsairbnb/src/endpoints/get-markets.ts">
        <metrics statements="15" coveredstatements="15" conditionals="18" coveredconditionals="18" methods="1" coveredmethods="1"/>
        <line num="17" count="23" type="cond" truecount="2" falsecount="0"/>
        <line num="18" count="3" type="stmt"/>
        <line num="19" count="3" type="cond" truecount="3" falsecount="0"/>
        <line num="20" count="3" type="cond" truecount="2" falsecount="0"/>
        <line num="23" count="20" type="cond" truecount="2" falsecount="0"/>
        <line num="24" count="23" type="stmt"/>
        <line num="25" count="23" type="stmt"/>
        <line num="26" count="23" type="stmt"/>
        <line num="27" count="23" type="stmt"/>
        <line num="28" count="20" type="stmt"/>
        <line num="29" count="20" type="cond" truecount="2" falsecount="0"/>
        <line num="30" count="19" type="cond" truecount="2" falsecount="0"/>
        <line num="33" count="17" type="stmt"/>
        <line num="34" count="16" type="cond" truecount="3" falsecount="0"/>
        <line num="35" count="23" type="cond" truecount="2" falsecount="0"/>
      </file>
      <file name="get-metadata-from-url.ts" path="/Users/matte/projects/pleasantliving/tsairbnb/src/endpoints/get-metadata-from-url.ts">
        <metrics statements="30" coveredstatements="30" conditionals="31" coveredconditionals="31" methods="2" coveredmethods="2"/>
        <line num="17" count="3" type="stmt"/>
        <line num="18" count="3" type="stmt"/>
        <line num="19" count="3" type="stmt"/>
        <line num="20" count="3" type="stmt"/>
        <line num="21" count="3" type="stmt"/>
        <line num="35" count="23" type="cond" truecount="2" falsecount="0"/>
        <line num="36" count="2" type="cond" truecount="2" falsecount="0"/>
        <line num="39" count="21" type="stmt"/>
        <line num="40" count="21" type="stmt"/>
        <line num="44" count="21" type="stmt"/>
        <line num="45" count="21" type="cond" truecount="2" falsecount="0"/>
        <line num="46" count="1" type="stmt"/>
        <line num="47" count="1" type="stmt"/>
        <line num="49" count="20" type="cond" truecount="2" falsecount="0"/>
        <line num="50" count="18" type="cond" truecount="2" falsecount="0"/>
        <line num="54" count="20" type="stmt"/>
        <line num="55" count="20" type="stmt"/>
        <line num="56" count="20" type="cond" truecount="2" falsecount="0"/>
        <line num="58" count="20" type="cond" truecount="2" falsecount="0"/>
        <line num="59" count="20" type="cond" truecount="2" falsecount="0"/>
        <line num="60" count="20" type="cond" truecount="2" falsecount="0"/>
        <line num="61" count="20" type="cond" truecount="2" falsecount="0"/>
        <line num="63" count="20" type="stmt"/>
        <line num="64" count="20" type="cond" truecount="2" falsecount="0"/>
        <line num="65" count="19" type="stmt"/>
        <line num="66" count="19" type="stmt"/>
        <line num="67" count="19" type="stmt"/>
        <line num="68" count="19" type="cond" truecount="2" falsecount="0"/>
        <line num="70" count="1" type="stmt"/>
        <line num="74" count="20" type="stmt"/>
      </file>
      <file name="get-places-ids.ts" path="/Users/matte/projects/pleasantliving/tsairbnb/src/endpoints/get-places-ids.ts">
        <metrics statements="16" coveredstatements="16" conditionals="18" coveredconditionals="16" methods="1" coveredmethods="1"/>
        <line num="17" count="18" type="cond" truecount="2" falsecount="0"/>
        <line num="18" count="2" type="stmt"/>
        <line num="19" count="2" type="cond" truecount="1" falsecount="2"/>
        <line num="20" count="2" type="cond" truecount="2" falsecount="0"/>
        <line num="23" count="16" type="cond" truecount="2" falsecount="0"/>
        <line num="24" count="18" type="stmt"/>
        <line num="25" count="18" type="stmt"/>
        <line num="30" count="18" type="stmt"/>
        <line num="31" count="18" type="stmt"/>
        <line num="32" count="18" type="stmt"/>
        <line num="33" count="16" type="stmt"/>
        <line num="34" count="16" type="cond" truecount="2" falsecount="0"/>
        <line num="35" count="15" type="cond" truecount="2" falsecount="0"/>
        <line num="38" count="13" type="stmt"/>
        <line num="39" count="12" type="cond" truecount="3" falsecount="0"/>
        <line num="40" count="18" type="cond" truecount="2" falsecount="0"/>
      </file>
      <file name="get-price.ts" path="/Users/matte/projects/pleasantliving/tsairbnb/src/endpoints/get-price.ts">
        <metrics statements="4" coveredstatements="4" conditionals="2" coveredconditionals="2" methods="3" coveredmethods="3"/>
        <line num="27" count="3" type="stmt"/>
        <line num="33" count="3" type="stmt"/>
        <line num="34" count="3" type="stmt"/>
        <line num="35" count="3" type="stmt"/>
      </file>
      <file name="get-reviews.ts" path="/Users/matte/projects/pleasantliving/tsairbnb/src/endpoints/get-reviews.ts">
        <metrics statements="8" coveredstatements="8" conditionals="0" coveredconditionals="0" methods="6" coveredmethods="6"/>
        <line num="15" count="3" type="stmt"/>
        <line num="17" count="3" type="stmt"/>
        <line num="23" count="20" type="stmt"/>
        <line num="24" count="20" type="stmt"/>
        <line num="25" count="22" type="stmt"/>
        <line num="34" count="6" type="stmt"/>
        <line num="35" count="2" type="stmt"/>
        <line num="36" count="5" type="stmt"/>
      </file>
      <file name="search-all-from-url.ts" path="/Users/matte/projects/pleasantliving/tsairbnb/src/endpoints/search-all-from-url.ts">
        <metrics statements="23" coveredstatements="23" conditionals="34" coveredconditionals="33" methods="2" coveredmethods="2"/>
        <line num="11" count="2" type="stmt"/>
        <line num="18" count="7" type="cond" truecount="2" falsecount="0"/>
        <line num="19" count="2" type="stmt"/>
        <line num="20" count="2" type="stmt"/>
        <line num="21" count="2" type="cond" truecount="1" falsecount="1"/>
        <line num="22" count="2" type="stmt"/>
        <line num="25" count="5" type="stmt"/>
        <line num="26" count="5" type="stmt"/>
        <line num="27" count="5" type="stmt"/>
        <line num="28" count="5" type="cond" truecount="2" falsecount="0"/>
        <line num="29" count="5" type="cond" truecount="2" falsecount="0"/>
        <line num="30" count="5" type="cond" truecount="2" falsecount="0"/>
        <line num="31" count="5" type="cond" truecount="2" falsecount="0"/>
        <line num="32" count="5" type="cond" truecount="2" falsecount="0"/>
        <line num="33" count="5" type="cond" truecount="2" falsecount="0"/>
        <line num="34" count="5" type="cond" truecount="2" falsecount="0"/>
        <line num="35" count="5" type="cond" truecount="2" falsecount="0"/>
        <line num="36" count="5" type="cond" truecount="2" falsecount="0"/>
        <line num="37" count="5" type="cond" truecount="2" falsecount="0"/>
        <line num="38" count="5" type="cond" truecount="2" falsecount="0"/>
        <line num="39" count="5" type="cond" truecount="2" falsecount="0"/>
        <line num="40" count="5" type="cond" truecount="4" falsecount="0"/>
        <line num="43" count="50" type="cond" truecount="2" falsecount="0"/>
      </file>
      <file name="search-all.ts" path="/Users/matte/projects/pleasantliving/tsairbnb/src/endpoints/search-all.ts">
        <metrics statements="10" coveredstatements="10" conditionals="34" coveredconditionals="34" methods="8" coveredmethods="8"/>
        <line num="37" count="3" type="stmt"/>
        <line num="48" count="7" type="stmt"/>
        <line num="49" count="7" type="stmt"/>
        <line num="50" count="7" type="stmt"/>
        <line num="51" count="8" type="stmt"/>
        <line num="52" count="8" type="stmt"/>
        <line num="53" count="7" type="stmt"/>
        <line num="57" count="9" type="stmt"/>
        <line num="58" count="9" type="stmt"/>
        <line num="84" count="1" type="stmt"/>
      </file>
      <file name="search-first-page.ts" path="/Users/matte/projects/pleasantliving/tsairbnb/src/endpoints/search-first-page.ts">
        <metrics statements="5" coveredstatements="5" conditionals="0" coveredconditionals="0" methods="4" coveredmethods="4"/>
        <line num="17" count="2" type="stmt"/>
        <line num="27" count="1" type="stmt"/>
        <line num="28" count="1" type="stmt"/>
        <line num="29" count="1" type="stmt"/>
        <line num="30" count="1" type="stmt"/>
      </file>
    </package>
    <package name="src.http">
      <metrics statements="67" coveredstatements="67" conditionals="47" coveredconditionals="47" methods="18" coveredmethods="18"/>
      <file name="client.ts" path="/Users/matte/projects/pleasantliving/tsairbnb/src/http/client.ts">
        <metrics statements="0" coveredstatements="0" conditionals="0" coveredconditionals="0" methods="0" coveredmethods="0"/>
      </file>
      <file name="curl-impersonate.ts" path="/Users/matte/projects/pleasantliving/tsairbnb/src/http/curl-impersonate.ts">
        <metrics statements="46" coveredstatements="46" conditionals="32" coveredconditionals="32" methods="12" coveredmethods="12"/>
        <line num="6" count="20" type="stmt"/>
        <line num="19" count="3" type="stmt"/>
        <line num="20" count="3" type="stmt"/>
        <line num="23" count="3" type="cond" truecount="2" falsecount="0"/>
        <line num="25" count="3" type="stmt"/>
        <line num="29" count="9" type="stmt"/>
        <line num="30" count="9" type="stmt"/>
        <line num="31" count="9" type="stmt"/>
        <line num="46" count="9" type="cond" truecount="2" falsecount="0"/>
        <line num="47" count="9" type="cond" truecount="2" falsecount="0"/>
        <line num="48" count="9" type="stmt"/>
        <line num="49" count="9" type="stmt"/>
        <line num="54" count="20" type="stmt"/>
        <line num="57" count="148" type="stmt"/>
        <line num="61" count="230" type="stmt"/>
        <line num="70" count="7" type="stmt"/>
        <line num="71" count="7" type="stmt"/>
        <line num="72" count="7" type="stmt"/>
        <line num="73" count="7" type="stmt"/>
        <line num="74" count="7" type="stmt"/>
        <line num="75" count="7" type="stmt"/>
        <line num="76" count="7" type="cond" truecount="2" falsecount="0"/>
        <line num="77" count="7" type="stmt"/>
        <line num="78" count="7" type="stmt"/>
        <line num="79" count="7" type="stmt"/>
        <line num="80" count="6" type="cond" truecount="5" falsecount="0"/>
        <line num="81" count="1" type="stmt"/>
        <line num="82" count="1" type="stmt"/>
        <line num="85" count="5" type="stmt"/>
        <line num="86" count="5" type="stmt"/>
        <line num="94" count="10" type="stmt"/>
        <line num="95" count="10" type="cond" truecount="2" falsecount="0"/>
        <line num="98" count="10" type="stmt"/>
        <line num="100" count="37" type="cond" truecount="3" falsecount="0"/>
        <line num="104" count="10" type="stmt"/>
        <line num="105" count="10" type="cond" truecount="2" falsecount="0"/>
        <line num="107" count="10" type="stmt"/>
        <line num="111" count="7" type="stmt"/>
        <line num="112" count="7" type="stmt"/>
        <line num="113" count="10" type="cond" truecount="4" falsecount="0"/>
        <line num="114" count="7" type="stmt"/>
        <line num="115" count="7" type="cond" truecount="2" falsecount="0"/>
        <line num="116" count="6" type="stmt"/>
        <line num="117" count="6" type="stmt"/>
        <line num="118" count="6" type="cond" truecount="4" falsecount="0"/>
        <line num="121" count="7" type="stmt"/>
      </file>
      <file name="headers.ts" path="/Users/matte/projects/pleasantliving/tsairbnb/src/http/headers.ts">
        <metrics statements="7" coveredstatements="7" conditionals="7" coveredconditionals="7" methods="3" coveredmethods="3"/>
        <line num="12" count="71" type="stmt"/>
        <line num="31" count="101" type="stmt"/>
        <line num="41" count="18" type="stmt"/>
        <line num="42" count="18" type="cond" truecount="2" falsecount="0"/>
        <line num="43" count="10" type="cond" truecount="2" falsecount="0"/>
        <line num="44" count="8" type="cond" truecount="2" falsecount="0"/>
        <line num="45" count="18" type="stmt"/>
      </file>
      <file name="retry.ts" path="/Users/matte/projects/pleasantliving/tsairbnb/src/http/retry.ts">
        <metrics statements="14" coveredstatements="14" conditionals="8" coveredconditionals="8" methods="3" coveredmethods="3"/>
        <line num="3" count="8" type="stmt"/>
        <line num="5" count="2" type="stmt"/>
        <line num="16" count="10" type="cond" truecount="1" falsecount="0"/>
        <line num="17" count="10" type="stmt"/>
        <line num="18" count="10" type="stmt"/>
        <line num="19" count="10" type="stmt"/>
        <line num="20" count="18" type="stmt"/>
        <line num="21" count="18" type="stmt"/>
        <line num="22" count="15" type="cond" truecount="2" falsecount="0"/>
        <line num="23" count="8" type="cond" truecount="2" falsecount="0"/>
        <line num="25" count="3" type="cond" truecount="2" falsecount="0"/>
        <line num="27" count="8" type="stmt"/>
        <line num="28" count="8" type="stmt"/>
        <line num="29" count="8" type="stmt"/>
      </file>
    </package>
    <package name="src.lib">
      <metrics statements="120" coveredstatements="120" conditionals="102" coveredconditionals="100" methods="14" coveredmethods="14"/>
      <file name="endpoint.ts" path="/Users/matte/projects/pleasantliving/tsairbnb/src/lib/endpoint.ts">
        <metrics statements="45" coveredstatements="45" conditionals="30" coveredconditionals="30" methods="4" coveredmethods="4"/>
        <line num="29" count="19" type="stmt"/>
        <line num="30" count="30" type="cond" truecount="2" falsecount="0"/>
        <line num="31" count="7" type="stmt"/>
        <line num="32" count="7" type="cond" truecount="2" falsecount="0"/>
        <line num="33" count="6" type="stmt"/>
        <line num="41" count="23" type="stmt"/>
        <line num="42" count="23" type="stmt"/>
        <line num="43" count="23" type="stmt"/>
        <line num="44" count="30" type="stmt"/>
        <line num="46" count="30" type="stmt"/>
        <line num="52" count="30" type="stmt"/>
        <line num="54" count="23" type="cond" truecount="2" falsecount="0"/>
        <line num="56" count="15" type="stmt"/>
        <line num="57" count="15" type="cond" truecount="2" falsecount="0"/>
        <line num="58" count="14" type="stmt"/>
        <line num="59" count="14" type="stmt"/>
        <line num="88" count="13" type="stmt"/>
        <line num="89" count="39" type="cond" truecount="2" falsecount="0"/>
        <line num="90" count="5" type="stmt"/>
        <line num="91" count="5" type="cond" truecount="2" falsecount="0"/>
        <line num="92" count="4" type="stmt"/>
        <line num="100" count="34" type="stmt"/>
        <line num="101" count="34" type="stmt"/>
        <line num="102" count="39" type="stmt"/>
        <line num="103" count="39" type="stmt"/>
        <line num="104" count="39" type="stmt"/>
        <line num="105" count="39" type="stmt"/>
        <line num="106" count="39" type="stmt"/>
        <line num="107" count="39" type="stmt"/>
        <line num="109" count="39" type="stmt"/>
        <line num="110" count="39" type="stmt"/>
        <line num="111" count="39" type="stmt"/>
        <line num="117" count="39" type="stmt"/>
        <line num="118" count="38" type="cond" truecount="2" falsecount="0"/>
        <line num="120" count="19" type="stmt"/>
        <line num="121" count="19" type="cond" truecount="2" falsecount="0"/>
        <line num="122" count="18" type="stmt"/>
        <line num="123" count="18" type="stmt"/>
        <line num="124" count="18" type="stmt"/>
        <line num="125" count="18" type="cond" truecount="2" falsecount="0"/>
        <line num="126" count="12" type="stmt"/>
        <line num="127" count="12" type="cond" truecount="2" falsecount="0"/>
        <line num="129" count="11" type="cond" truecount="2" falsecount="0"/>
        <line num="133" count="13" type="stmt"/>
        <line num="134" count="13" type="stmt"/>
      </file>
      <file name="fetch-json.ts" path="/Users/matte/projects/pleasantliving/tsairbnb/src/lib/fetch-json.ts">
        <metrics statements="15" coveredstatements="15" conditionals="6" coveredconditionals="6" methods="3" coveredmethods="3"/>
        <line num="16" count="4" type="stmt"/>
        <line num="17" count="4" type="stmt"/>
        <line num="19" count="7" type="stmt"/>
        <line num="20" count="7" type="stmt"/>
        <line num="25" count="4" type="stmt"/>
        <line num="26" count="4" type="cond" truecount="2" falsecount="0"/>
        <line num="27" count="1" type="stmt"/>
        <line num="28" count="1" type="stmt"/>
        <line num="30" count="3" type="cond" truecount="4" falsecount="0"/>
        <line num="31" count="1" type="stmt"/>
        <line num="35" count="2" type="stmt"/>
        <line num="36" count="2" type="stmt"/>
        <line num="38" count="1" type="stmt"/>
        <line num="40" count="1" type="stmt"/>
        <line num="51" count="1" type="stmt"/>
      </file>
      <file name="get.ts" path="/Users/matte/projects/pleasantliving/tsairbnb/src/lib/get.ts">
        <metrics statements="9" coveredstatements="9" conditionals="16" coveredconditionals="16" methods="4" coveredmethods="4"/>
        <line num="6" count="2284" type="stmt"/>
        <line num="9" count="3843" type="cond" truecount="2" falsecount="0"/>
        <line num="12" count="2284" type="cond" truecount="4" falsecount="0"/>
        <line num="17" count="49" type="stmt"/>
        <line num="18" count="103" type="stmt"/>
        <line num="19" count="103" type="cond" truecount="4" falsecount="0"/>
        <line num="21" count="27" type="stmt"/>
        <line num="29" count="5" type="cond" truecount="5" falsecount="0"/>
        <line num="30" count="1" type="stmt"/>
      </file>
      <file name="graphql.ts" path="/Users/matte/projects/pleasantliving/tsairbnb/src/lib/graphql.ts">
        <metrics statements="26" coveredstatements="26" conditionals="18" coveredconditionals="18" methods="1" coveredmethods="1"/>
        <line num="20" count="64" type="cond" truecount="3" falsecount="0"/>
        <line num="21" count="64" type="stmt"/>
        <line num="22" count="64" type="stmt"/>
        <line num="23" count="64" type="stmt"/>
        <line num="31" count="64" type="stmt"/>
        <line num="32" count="64" type="stmt"/>
        <line num="34" count="64" type="stmt"/>
        <line num="36" count="64" type="cond" truecount="2" falsecount="0"/>
        <line num="45" count="42" type="stmt"/>
        <line num="46" count="42" type="cond" truecount="2" falsecount="0"/>
        <line num="47" count="8" type="stmt"/>
        <line num="48" count="8" type="stmt"/>
        <line num="50" count="55" type="cond" truecount="4" falsecount="0"/>
        <line num="51" count="4" type="stmt"/>
        <line num="55" count="51" type="stmt"/>
        <line num="56" count="51" type="stmt"/>
        <line num="58" count="8" type="stmt"/>
        <line num="61" count="43" type="cond" truecount="2" falsecount="0"/>
        <line num="62" count="40" type="stmt"/>
        <line num="63" count="40" type="cond" truecount="2" falsecount="0"/>
        <line num="64" count="9" type="stmt"/>
        <line num="66" count="31" type="stmt"/>
        <line num="69" count="3" type="stmt"/>
        <line num="70" count="3" type="cond" truecount="2" falsecount="0"/>
        <line num="71" count="1" type="stmt"/>
        <line num="73" count="2" type="stmt"/>
      </file>
      <file name="price.ts" path="/Users/matte/projects/pleasantliving/tsairbnb/src/lib/price.ts">
        <metrics statements="25" coveredstatements="25" conditionals="32" coveredconditionals="30" methods="2" coveredmethods="2"/>
        <line num="9" count="15" type="stmt"/>
        <line num="13" count="74" type="cond" truecount="4" falsecount="0"/>
        <line num="14" count="47" type="stmt"/>
        <line num="15" count="47" type="cond" truecount="2" falsecount="0"/>
        <line num="16" count="45" type="stmt"/>
        <line num="17" count="45" type="stmt"/>
        <line num="20" count="45" type="stmt"/>
        <line num="21" count="45" type="stmt"/>
        <line num="23" count="45" type="cond" truecount="4" falsecount="0"/>
        <line num="24" count="4" type="cond" truecount="2" falsecount="0"/>
        <line num="26" count="2" type="stmt"/>
        <line num="29" count="2" type="stmt"/>
        <line num="31" count="41" type="cond" truecount="2" falsecount="0"/>
        <line num="33" count="9" type="cond" truecount="1" falsecount="1"/>
        <line num="34" count="9" type="cond" truecount="2" falsecount="0"/>
        <line num="36" count="32" type="stmt"/>
        <line num="39" count="45" type="cond" truecount="2" falsecount="0"/>
        <line num="44" count="149" type="cond" truecount="4" falsecount="0"/>
        <line num="45" count="19" type="stmt"/>
        <line num="46" count="19" type="cond" truecount="1" falsecount="1"/>
        <line num="47" count="19" type="stmt"/>
        <line num="48" count="19" type="cond" truecount="2" falsecount="0"/>
        <line num="49" count="18" type="stmt"/>
        <line num="50" count="18" type="cond" truecount="2" falsecount="0"/>
        <line num="51" count="149" type="cond" truecount="2" falsecount="0"/>
      </file>
    </package>
    <package name="src.parsers">
      <metrics statements="216" coveredstatements="216" conditionals="205" coveredconditionals="188" methods="67" coveredmethods="67"/>
      <file name="calendar.ts" path="/Users/matte/projects/pleasantliving/tsairbnb/src/parsers/calendar.ts">
        <metrics statements="14" coveredstatements="14" conditionals="13" coveredconditionals="12" methods="7" coveredmethods="7"/>
        <line num="12" count="4" type="stmt"/>
        <line num="14" count="4" type="stmt"/>
        <line num="17" count="11" type="stmt"/>
        <line num="19" count="7" type="cond" truecount="1" falsecount="1"/>
        <line num="20" count="7" type="stmt"/>
        <line num="21" count="5" type="cond" truecount="2" falsecount="0"/>
        <line num="27" count="5" type="stmt"/>
        <line num="33" count="7" type="cond" truecount="2" falsecount="0"/>
        <line num="34" count="7" type="stmt"/>
        <line num="39" count="2" type="stmt"/>
        <line num="41" count="2" type="stmt"/>
        <line num="42" count="2" type="stmt"/>
        <line num="48" count="4" type="stmt"/>
        <line num="49" count="4" type="stmt"/>
      </file>
      <file name="experience.ts" path="/Users/matte/projects/pleasantliving/tsairbnb/src/parsers/experience.ts">
        <metrics statements="14" coveredstatements="14" conditionals="14" coveredconditionals="14" methods="7" coveredmethods="7"/>
        <line num="16" count="4" type="stmt"/>
        <line num="17" count="4" type="stmt"/>
        <line num="19" count="4" type="stmt"/>
        <line num="22" count="16" type="stmt"/>
        <line num="24" count="16" type="cond" truecount="2" falsecount="0"/>
        <line num="25" count="16" type="stmt"/>
        <line num="29" count="4" type="cond" truecount="2" falsecount="0"/>
        <line num="34" count="16" type="cond" truecount="2" falsecount="0"/>
        <line num="35" count="16" type="cond" truecount="2" falsecount="0"/>
        <line num="40" count="3" type="stmt"/>
        <line num="42" count="3" type="stmt"/>
        <line num="43" count="3" type="stmt"/>
        <line num="49" count="14" type="stmt"/>
        <line num="50" count="14" type="stmt"/>
      </file>
      <file name="host.ts" path="/Users/matte/projects/pleasantliving/tsairbnb/src/parsers/host.ts">
        <metrics statements="31" coveredstatements="31" conditionals="28" coveredconditionals="27" methods="11" coveredmethods="11"/>
        <line num="12" count="5" type="stmt"/>
        <line num="14" count="5" type="stmt"/>
        <line num="17" count="5" type="stmt"/>
        <line num="19" count="8" type="stmt"/>
        <line num="20" count="8" type="stmt"/>
        <line num="21" count="8" type="cond" truecount="4" falsecount="0"/>
        <line num="22" count="8" type="stmt"/>
        <line num="23" count="8" type="stmt"/>
        <line num="35" count="8" type="cond" truecount="2" falsecount="0"/>
        <line num="36" count="8" type="stmt"/>
        <line num="41" count="1" type="stmt"/>
        <line num="43" count="2" type="stmt"/>
        <line num="44" count="2" type="stmt"/>
        <line num="45" count="2" type="cond" truecount="4" falsecount="0"/>
        <line num="46" count="2" type="stmt"/>
        <line num="56" count="5" type="stmt"/>
        <line num="58" count="5" type="stmt"/>
        <line num="61" count="9" type="stmt"/>
        <line num="63" count="9" type="cond" truecount="1" falsecount="1"/>
        <line num="64" count="9" type="cond" truecount="2" falsecount="0"/>
        <line num="65" count="9" type="stmt"/>
        <line num="70" count="1" type="stmt"/>
        <line num="72" count="1" type="stmt"/>
        <line num="73" count="1" type="stmt"/>
        <line num="79" count="5" type="cond" truecount="2" falsecount="0"/>
        <line num="80" count="2" type="cond" truecount="2" falsecount="0"/>
        <line num="81" count="1" type="stmt"/>
        <line num="85" count="3" type="stmt"/>
        <line num="86" count="3" type="stmt"/>
        <line num="90" count="7" type="stmt"/>
        <line num="91" count="7" type="stmt"/>
      </file>
      <file name="listing.ts" path="/Users/matte/projects/pleasantliving/tsairbnb/src/parsers/listing.ts">
        <metrics statements="66" coveredstatements="66" conditionals="67" coveredconditionals="58" methods="17" coveredmethods="17"/>
        <line num="13" count="3" type="stmt"/>
        <line num="35" count="3" type="stmt"/>
        <line num="37" count="3" type="stmt"/>
        <line num="40" count="25" type="stmt"/>
        <line num="45" count="22" type="stmt"/>
        <line num="47" count="25" type="stmt"/>
        <line num="48" count="25" type="cond" truecount="6" falsecount="0"/>
        <line num="49" count="25" type="cond" truecount="2" falsecount="0"/>
        <line num="50" count="25" type="stmt"/>
        <line num="56" count="20" type="stmt"/>
        <line num="57" count="20" type="stmt"/>
        <line num="59" count="20" type="stmt"/>
        <line num="60" count="20" type="stmt"/>
        <line num="61" count="20" type="stmt"/>
        <line num="62" count="20" type="stmt"/>
        <line num="63" count="20" type="stmt"/>
        <line num="64" count="20" type="stmt"/>
        <line num="65" count="20" type="stmt"/>
        <line num="66" count="20" type="stmt"/>
        <line num="69" count="20" type="stmt"/>
        <line num="70" count="20" type="cond" truecount="2" falsecount="0"/>
        <line num="71" count="19" type="stmt"/>
        <line num="72" count="29" type="cond" truecount="2" falsecount="0"/>
        <line num="73" count="29" type="cond" truecount="7" falsecount="0"/>
        <line num="75" count="3" type="stmt"/>
        <line num="79" count="3" type="cond" truecount="1" falsecount="1"/>
        <line num="80" count="3" type="stmt"/>
        <line num="82" count="4" type="stmt"/>
        <line num="83" count="4" type="stmt"/>
        <line num="85" count="5" type="stmt"/>
        <line num="86" count="5" type="stmt"/>
        <line num="88" count="4" type="stmt"/>
        <line num="89" count="4" type="stmt"/>
        <line num="91" count="4" type="cond" truecount="1" falsecount="1"/>
        <line num="92" count="4" type="stmt"/>
        <line num="94" count="4" type="stmt"/>
        <line num="95" count="4" type="stmt"/>
        <line num="97" count="3" type="cond" truecount="1" falsecount="1"/>
        <line num="98" count="3" type="stmt"/>
        <line num="104" count="20" type="stmt"/>
        <line num="105" count="20" type="cond" truecount="2" falsecount="0"/>
        <line num="107" count="3" type="cond" truecount="1" falsecount="1"/>
        <line num="115" count="20" type="stmt"/>
        <line num="116" count="20" type="stmt"/>
        <line num="121" count="20" type="cond" truecount="4" falsecount="0"/>
        <line num="122" count="13" type="stmt"/>
        <line num="123" count="13" type="cond" truecount="6" falsecount="0"/>
        <line num="126" count="20" type="cond" truecount="2" falsecount="0"/>
        <line num="127" count="20" type="cond" truecount="2" falsecount="0"/>
        <line num="128" count="20" type="cond" truecount="2" falsecount="0"/>
        <line num="130" count="20" type="stmt"/>
        <line num="158" count="4" type="cond" truecount="2" falsecount="0"/>
        <line num="159" count="3" type="stmt"/>
        <line num="160" count="6" type="stmt"/>
        <line num="164" count="6" type="stmt"/>
        <line num="168" count="5" type="cond" truecount="4" falsecount="0"/>
        <line num="169" count="4" type="stmt"/>
        <line num="170" count="4" type="cond" truecount="2" falsecount="0"/>
        <line num="171" count="3" type="stmt"/>
        <line num="174" count="4" type="cond" truecount="1" falsecount="1"/>
        <line num="180" count="4" type="cond" truecount="2" falsecount="0"/>
        <line num="181" count="3" type="stmt"/>
        <line num="188" count="4" type="cond" truecount="2" falsecount="0"/>
        <line num="189" count="3" type="stmt"/>
        <line num="199" count="23" type="stmt"/>
        <line num="200" count="23" type="stmt"/>
      </file>
      <file name="price.ts" path="/Users/matte/projects/pleasantliving/tsairbnb/src/parsers/price.ts">
        <metrics statements="31" coveredstatements="31" conditionals="30" coveredconditionals="28" methods="7" coveredmethods="7"/>
        <line num="13" count="4" type="stmt"/>
        <line num="15" count="4" type="stmt"/>
        <line num="18" count="10" type="stmt"/>
        <line num="20" count="16" type="cond" truecount="1" falsecount="1"/>
        <line num="21" count="16" type="stmt"/>
        <line num="22" count="16" type="cond" truecount="2" falsecount="0"/>
        <line num="23" count="2" type="stmt"/>
        <line num="24" count="2" type="stmt"/>
        <line num="26" count="14" type="stmt"/>
        <line num="27" count="14" type="cond" truecount="2" falsecount="0"/>
        <line num="28" count="1" type="stmt"/>
        <line num="29" count="1" type="stmt"/>
        <line num="31" count="13" type="stmt"/>
        <line num="32" count="13" type="stmt"/>
        <line num="33" count="13" type="stmt"/>
        <line num="34" count="13" type="stmt"/>
        <line num="48" count="2" type="stmt"/>
        <line num="50" count="2" type="stmt"/>
        <line num="51" count="2" type="stmt"/>
        <line num="57" count="13" type="stmt"/>
        <line num="58" count="13" type="cond" truecount="2" falsecount="0"/>
        <line num="59" count="10" type="stmt"/>
        <line num="60" count="10" type="cond" truecount="2" falsecount="0"/>
        <line num="61" count="10" type="cond" truecount="2" falsecount="0"/>
        <line num="62" count="8" type="stmt"/>
        <line num="63" count="9" type="cond" truecount="2" falsecount="0"/>
        <line num="64" count="9" type="cond" truecount="2" falsecount="0"/>
        <line num="65" count="9" type="cond" truecount="4" falsecount="0"/>
        <line num="68" count="10" type="stmt"/>
        <line num="72" count="4" type="stmt"/>
        <line num="73" count="4" type="stmt"/>
      </file>
      <file name="raw.ts" path="/Users/matte/projects/pleasantliving/tsairbnb/src/parsers/raw.ts">
        <metrics statements="8" coveredstatements="8" conditionals="0" coveredconditionals="0" methods="0" coveredmethods="0"/>
        <line num="10" count="11" type="stmt"/>
        <line num="82" count="11" type="stmt"/>
        <line num="114" count="11" type="stmt"/>
        <line num="169" count="11" type="stmt"/>
        <line num="216" count="11" type="stmt"/>
        <line num="260" count="11" type="stmt"/>
        <line num="289" count="11" type="stmt"/>
        <line num="311" count="11" type="stmt"/>
      </file>
      <file name="registry.ts" path="/Users/matte/projects/pleasantliving/tsairbnb/src/parsers/registry.ts">
        <metrics statements="12" coveredstatements="12" conditionals="2" coveredconditionals="2" methods="1" coveredmethods="1"/>
        <line num="22" count="84" type="stmt"/>
        <line num="23" count="84" type="stmt"/>
        <line num="24" count="116" type="stmt"/>
        <line num="25" count="116" type="stmt"/>
        <line num="26" count="116" type="stmt"/>
        <line num="28" count="1" type="stmt"/>
        <line num="30" count="116" type="cond" truecount="2" falsecount="0"/>
        <line num="31" count="84" type="stmt"/>
        <line num="32" count="84" type="stmt"/>
        <line num="33" count="84" type="stmt"/>
        <line num="35" count="1" type="stmt"/>
        <line num="39" count="1" type="stmt"/>
      </file>
      <file name="reviews.ts" path="/Users/matte/projects/pleasantliving/tsairbnb/src/parsers/reviews.ts">
        <metrics statements="15" coveredstatements="15" conditionals="20" coveredconditionals="19" methods="7" coveredmethods="7"/>
        <line num="12" count="4" type="stmt"/>
        <line num="14" count="4" type="stmt"/>
        <line num="17" count="15" type="stmt"/>
        <line num="19" count="14" type="cond" truecount="1" falsecount="1"/>
        <line num="20" count="14" type="stmt"/>
        <line num="21" count="120" type="cond" truecount="2" falsecount="0"/>
        <line num="22" count="120" type="cond" truecount="2" falsecount="0"/>
        <line num="28" count="120" type="stmt"/>
        <line num="44" count="14" type="cond" truecount="2" falsecount="0"/>
        <line num="45" count="14" type="stmt"/>
        <line num="50" count="2" type="stmt"/>
        <line num="52" count="2" type="stmt"/>
        <line num="53" count="2" type="stmt"/>
        <line num="59" count="8" type="stmt"/>
        <line num="60" count="8" type="stmt"/>
      </file>
      <file name="search.ts" path="/Users/matte/projects/pleasantliving/tsairbnb/src/parsers/search.ts">
        <metrics statements="25" coveredstatements="25" conditionals="31" coveredconditionals="28" methods="10" coveredmethods="10"/>
        <line num="14" count="4" type="stmt"/>
        <line num="15" count="4" type="stmt"/>
        <line num="17" count="4" type="stmt"/>
        <line num="20" count="16" type="stmt"/>
        <line num="22" count="19" type="cond" truecount="1" falsecount="1"/>
        <line num="23" count="19" type="stmt"/>
        <line num="25" count="13" type="stmt"/>
        <line num="26" count="13" type="cond" truecount="2" falsecount="0"/>
        <line num="29" count="11" type="stmt"/>
        <line num="30" count="11" type="stmt"/>
        <line num="31" count="11" type="stmt"/>
        <line num="32" count="11" type="stmt"/>
        <line num="41" count="2" type="cond" truecount="2" falsecount="0"/>
        <line num="42" count="2" type="cond" truecount="2" falsecount="0"/>
        <line num="52" count="19" type="cond" truecount="2" falsecount="0"/>
        <line num="53" count="19" type="cond" truecount="2" falsecount="0"/>
        <line num="54" count="19" type="stmt"/>
        <line num="59" count="3" type="stmt"/>
        <line num="61" count="3" type="stmt"/>
        <line num="62" count="3" type="stmt"/>
        <line num="69" count="5" type="stmt"/>
        <line num="70" count="5" type="cond" truecount="2" falsecount="0"/>
        <line num="71" count="3" type="stmt"/>
        <line num="75" count="14" type="stmt"/>
        <line num="76" count="14" type="stmt"/>
      </file>
    </package>
    <package name="src.registry">
      <metrics statements="46" coveredstatements="46" conditionals="26" coveredconditionals="24" methods="3" coveredmethods="3"/>
      <file name="hashes-resolver.ts" path="/Users/matte/projects/pleasantliving/tsairbnb/src/registry/hashes-resolver.ts">
        <metrics statements="33" coveredstatements="33" conditionals="20" coveredconditionals="18" methods="1" coveredmethods="1"/>
        <line num="13" count="3" type="stmt"/>
        <line num="16" count="3" type="stmt"/>
        <line num="19" count="3" type="stmt"/>
        <line num="21" count="3" type="stmt"/>
        <line num="23" count="3" type="stmt"/>
        <line num="31" count="15" type="stmt"/>
        <line num="34" count="15" type="stmt"/>
        <line num="35" count="14" type="stmt"/>
        <line num="36" count="14" type="cond" truecount="4" falsecount="0"/>
        <line num="37" count="1" type="stmt"/>
        <line num="39" count="13" type="stmt"/>
        <line num="42" count="13" type="stmt"/>
        <line num="43" count="13" type="stmt"/>
        <line num="44" count="13" type="cond" truecount="1" falsecount="1"/>
        <line num="45" count="15" type="cond" truecount="4" falsecount="0"/>
        <line num="46" count="1" type="stmt"/>
        <line num="48" count="12" type="stmt"/>
        <line num="49" count="12" type="stmt"/>
        <line num="52" count="12" type="stmt"/>
        <line num="53" count="12" type="stmt"/>
        <line num="54" count="12" type="stmt"/>
        <line num="57" count="12" type="stmt"/>
        <line num="58" count="17" type="stmt"/>
        <line num="59" count="17" type="stmt"/>
        <line num="60" count="17" type="stmt"/>
        <line num="61" count="50" type="stmt"/>
        <line num="62" count="50" type="cond" truecount="2" falsecount="0"/>
        <line num="65" count="9" type="cond" truecount="2" falsecount="0"/>
        <line num="66" count="5" type="stmt"/>
        <line num="67" count="5" type="cond" truecount="4" falsecount="0"/>
        <line num="68" count="1" type="stmt"/>
        <line num="69" count="1" type="cond" truecount="1" falsecount="1"/>
        <line num="74" count="3" type="stmt"/>
      </file>
      <file name="hashes.ts" path="/Users/matte/projects/pleasantliving/tsairbnb/src/registry/hashes.ts">
        <metrics statements="13" coveredstatements="13" conditionals="6" coveredconditionals="6" methods="2" coveredmethods="2"/>
        <line num="9" count="14" type="stmt"/>
        <line num="21" count="14" type="stmt"/>
        <line num="25" count="67" type="stmt"/>
        <line num="26" count="67" type="stmt"/>
        <line num="27" count="67" type="stmt"/>
        <line num="28" count="67" type="cond" truecount="2" falsecount="0"/>
        <line num="30" count="66" type="cond" truecount="2" falsecount="0"/>
        <line num="31" count="18" type="cond" truecount="2" falsecount="0"/>
        <line num="32" count="4" type="stmt"/>
        <line num="33" count="4" type="stmt"/>
        <line num="34" count="4" type="stmt"/>
        <line num="37" count="48" type="stmt"/>
        <line num="42" count="65" type="stmt"/>
      </file>
    </package>
    <package name="src.types">
      <metrics statements="0" coveredstatements="0" conditionals="0" coveredconditionals="0" methods="0" coveredmethods="0"/>
      <file name="domain.ts" path="/Users/matte/projects/pleasantliving/tsairbnb/src/types/domain.ts">
        <metrics statements="0" coveredstatements="0" conditionals="0" coveredconditionals="0" methods="0" coveredmethods="0"/>
      </file>
      <file name="envelope.ts" path="/Users/matte/projects/pleasantliving/tsairbnb/src/types/envelope.ts">
        <metrics statements="0" coveredstatements="0" conditionals="0" coveredconditionals="0" methods="0" coveredmethods="0"/>
      </file>
    </package>
  </project>
</coverage>
