{"/Users/matte/projects/pleasantliving/tsairbnb/src/dispatcher.ts": {"path":"/Users/matte/projects/pleasantliving/tsairbnb/src/dispatcher.ts","statementMap":{"0":{"start":{"line":16,"column":23},"end":{"line":20,"column":null}},"1":{"start":{"line":23,"column":17},"end":{"line":23,"column":null}},"2":{"start":{"line":26,"column":2},"end":{"line":26,"column":null}},"3":{"start":{"line":30,"column":2},"end":{"line":30,"column":null}},"4":{"start":{"line":34,"column":17},"end":{"line":34,"column":null}},"5":{"start":{"line":35,"column":2},"end":{"line":37,"column":null}},"6":{"start":{"line":36,"column":4},"end":{"line":36,"column":null}},"7":{"start":{"line":38,"column":34},"end":{"line":38,"column":null}},"8":{"start":{"line":39,"column":18},"end":{"line":39,"column":null}},"9":{"start":{"line":40,"column":2},"end":{"line":42,"column":null}},"10":{"start":{"line":41,"column":4},"end":{"line":41,"column":null}},"11":{"start":{"line":44,"column":2},"end":{"line":46,"column":null}},"12":{"start":{"line":45,"column":4},"end":{"line":45,"column":null}},"13":{"start":{"line":48,"column":13},"end":{"line":48,"column":null}},"14":{"start":{"line":49,"column":2},"end":{"line":54,"column":null}},"15":{"start":{"line":50,"column":69},"end":{"line":50,"column":null}},"16":{"start":{"line":51,"column":2},"end":{"line":51,"column":null}},"17":{"start":{"line":53,"column":4},"end":{"line":53,"column":null}},"18":{"start":{"line":75,"column":0},"end":{"line":75,"column":null}},"19":{"start":{"line":76,"column":0},"end":{"line":76,"column":null}},"20":{"start":{"line":77,"column":0},"end":{"line":77,"column":null}},"21":{"start":{"line":78,"column":0},"end":{"line":78,"column":null}},"22":{"start":{"line":79,"column":0},"end":{"line":79,"column":null}},"23":{"start":{"line":80,"column":0},"end":{"line":80,"column":null}},"24":{"start":{"line":81,"column":0},"end":{"line":81,"column":null}},"25":{"start":{"line":82,"column":0},"end":{"line":82,"column":null}},"26":{"start":{"line":83,"column":0},"end":{"line":83,"column":null}},"27":{"start":{"line":84,"column":0},"end":{"line":84,"column":null}},"28":{"start":{"line":85,"column":0},"end":{"line":85,"column":null}},"29":{"start":{"line":86,"column":0},"end":{"line":86,"column":null}},"30":{"start":{"line":87,"column":0},"end":{"line":87,"column":null}},"31":{"start":{"line":88,"column":0},"end":{"line":88,"column":null}},"32":{"start":{"line":89,"column":0},"end":{"line":89,"column":null}},"33":{"start":{"line":90,"column":0},"end":{"line":90,"column":null}}},"fnMap":{"0":{"name":"register","decl":{"start":{"line":25,"column":16},"end":{"line":25,"column":25}},"loc":{"start":{"line":25,"column":67},"end":{"line":27,"column":null}},"line":25},"1":{"name":"listEndpoints","decl":{"start":{"line":29,"column":16},"end":{"line":29,"column":42}},"loc":{"start":{"line":29,"column":42},"end":{"line":31,"column":null}},"line":29},"2":{"name":"dispatch","decl":{"start":{"line":33,"column":22},"end":{"line":33,"column":31}},"loc":{"start":{"line":33,"column":77},"end":{"line":55,"column":null}},"line":33}},"branchMap":{"0":{"loc":{"start":{"line":35,"column":2},"end":{"line":37,"column":null}},"type":"if","locations":[{"start":{"line":35,"column":2},"end":{"line":37,"column":null}},{"start":{},"end":{}}],"line":35},"1":{"loc":{"start":{"line":40,"column":2},"end":{"line":42,"column":null}},"type":"if","locations":[{"start":{"line":40,"column":2},"end":{"line":42,"column":null}},{"start":{},"end":{}}],"line":40},"2":{"loc":{"start":{"line":44,"column":2},"end":{"line":46,"column":null}},"type":"if","locations":[{"start":{"line":44,"column":2},"end":{"line":46,"column":null}},{"start":{},"end":{}}],"line":44},"3":{"loc":{"start":{"line":44,"column":6},"end":{"line":44,"column":49}},"type":"binary-expr","locations":[{"start":{"line":44,"column":6},"end":{"line":44,"column":30}},{"start":{"line":44,"column":30},"end":{"line":44,"column":49}}],"line":44}},"s":{"0":1,"1":1,"2":20,"3":1,"4":5,"5":5,"6":1,"7":4,"8":4,"9":4,"10":1,"11":3,"12":1,"13":2,"14":2,"15":2,"16":2,"17":1,"18":1,"19":1,"20":1,"21":1,"22":1,"23":1,"24":1,"25":1,"26":1,"27":1,"28":1,"29":1,"30":1,"31":1,"32":1,"33":1},"f":{"0":20,"1":1,"2":5},"b":{"0":[1,4],"1":[1,3],"2":[1,2],"3":[3,1]},"meta":{"lastBranch":4,"lastFunction":3,"lastStatement":34,"seen":{"s:16:23:20:Infinity":0,"s:23:17:23:Infinity":1,"f:25:16:25:25":0,"s:26:2:26:Infinity":2,"f:29:16:29:42":1,"s:30:2:30:Infinity":3,"f:33:22:33:31":2,"s:34:17:34:Infinity":4,"b:35:2:37:Infinity:undefined:undefined:undefined:undefined":0,"s:35:2:37:Infinity":5,"s:36:4:36:Infinity":6,"s:38:34:38:Infinity":7,"s:39:18:39:Infinity":8,"b:40:2:42:Infinity:undefined:undefined:undefined:undefined":1,"s:40:2:42:Infinity":9,"s:41:4:41:Infinity":10,"b:44:2:46:Infinity:undefined:undefined:undefined:undefined":2,"s:44:2:46:Infinity":11,"b:44:6:44:30:44:30:44:49":3,"s:45:4:45:Infinity":12,"s:48:13:48:Infinity":13,"s:49:2:54:Infinity":14,"s:50:69:50:Infinity":15,"s:51:2:51:Infinity":16,"s:53:4:53:Infinity":17,"s:75:0:75:Infinity":18,"s:76:0:76:Infinity":19,"s:77:0:77:Infinity":20,"s:78:0:78:Infinity":21,"s:79:0:79:Infinity":22,"s:80:0:80:Infinity":23,"s:81:0:81:Infinity":24,"s:82:0:82:Infinity":25,"s:83:0:83:Infinity":26,"s:84:0:84:Infinity":27,"s:85:0:85:Infinity":28,"s:86:0:86:Infinity":29,"s:87:0:87:Infinity":30,"s:88:0:88:Infinity":31,"s:89:0:89:Infinity":32,"s:90:0:90:Infinity":33},"fnNames":{}}}
,"/Users/matte/projects/pleasantliving/tsairbnb/src/lambda.ts": {"path":"/Users/matte/projects/pleasantliving/tsairbnb/src/lambda.ts","statementMap":{"0":{"start":{"line":14,"column":18},"end":{"line":14,"column":null}},"1":{"start":{"line":16,"column":2},"end":{"line":16,"column":null}},"2":{"start":{"line":16,"column":19},"end":{"line":16,"column":null}},"3":{"start":{"line":17,"column":2},"end":{"line":19,"column":null}},"4":{"start":{"line":20,"column":2},"end":{"line":20,"column":null}},"5":{"start":{"line":24,"column":2},"end":{"line":24,"column":null}},"6":{"start":{"line":27,"column":37},"end":{"line":27,"column":null}},"7":{"start":{"line":28,"column":2},"end":{"line":30,"column":null}},"8":{"start":{"line":29,"column":4},"end":{"line":29,"column":null}},"9":{"start":{"line":29,"column":25},"end":{"line":29,"column":null}},"10":{"start":{"line":31,"column":19},"end":{"line":31,"column":null}},"11":{"start":{"line":32,"column":16},"end":{"line":32,"column":null}},"12":{"start":{"line":35,"column":2},"end":{"line":37,"column":null}},"13":{"start":{"line":36,"column":4},"end":{"line":36,"column":null}},"14":{"start":{"line":41,"column":2},"end":{"line":47,"column":null}},"15":{"start":{"line":42,"column":4},"end":{"line":46,"column":null}},"16":{"start":{"line":43,"column":6},"end":{"line":43,"column":null}},"17":{"start":{"line":43,"column":12},"end":{"line":43,"column":58}},"18":{"start":{"line":43,"column":68},"end":{"line":43,"column":149}},"19":{"start":{"line":44,"column":11},"end":{"line":46,"column":null}},"20":{"start":{"line":45,"column":6},"end":{"line":45,"column":null}},"21":{"start":{"line":45,"column":12},"end":{"line":45,"column":42}},"22":{"start":{"line":45,"column":52},"end":{"line":45,"column":134}},"23":{"start":{"line":49,"column":37},"end":{"line":49,"column":null}},"24":{"start":{"line":50,"column":17},"end":{"line":50,"column":null}},"25":{"start":{"line":51,"column":17},"end":{"line":51,"column":null}},"26":{"start":{"line":52,"column":2},"end":{"line":52,"column":null}},"27":{"start":{"line":56,"column":2},"end":{"line":60,"column":null}}},"fnMap":{"0":{"name":"ensureInit","decl":{"start":{"line":15,"column":15},"end":{"line":15,"column":28}},"loc":{"start":{"line":15,"column":28},"end":{"line":21,"column":null}},"line":15},"1":{"name":"(anonymous_1)","decl":{"start":{"line":17,"column":22},"end":{"line":17,"column":34}},"loc":{"start":{"line":17,"column":34},"end":{"line":19,"column":3}},"line":17},"2":{"name":"handler","decl":{"start":{"line":23,"column":22},"end":{"line":23,"column":30}},"loc":{"start":{"line":23,"column":93},"end":{"line":53,"column":null}},"line":23},"3":{"name":"json","decl":{"start":{"line":55,"column":9},"end":{"line":55,"column":14}},"loc":{"start":{"line":55,"column":68},"end":{"line":61,"column":null}},"line":55}},"branchMap":{"0":{"loc":{"start":{"line":16,"column":2},"end":{"line":16,"column":null}},"type":"if","locations":[{"start":{"line":16,"column":2},"end":{"line":16,"column":null}},{"start":{},"end":{}}],"line":16},"1":{"loc":{"start":{"line":28,"column":38},"end":{"line":28,"column":71}},"type":"binary-expr","locations":[{"start":{"line":28,"column":38},"end":{"line":28,"column":69}},{"start":{"line":28,"column":69},"end":{"line":28,"column":71}}],"line":28},"2":{"loc":{"start":{"line":29,"column":4},"end":{"line":29,"column":null}},"type":"if","locations":[{"start":{"line":29,"column":4},"end":{"line":29,"column":null}},{"start":{},"end":{}}],"line":29},"3":{"loc":{"start":{"line":32,"column":16},"end":{"line":32,"column":null}},"type":"binary-expr","locations":[{"start":{"line":32,"column":16},"end":{"line":32,"column":27}},{"start":{"line":32,"column":27},"end":{"line":32,"column":null}}],"line":32},"4":{"loc":{"start":{"line":35,"column":2},"end":{"line":37,"column":null}},"type":"if","locations":[{"start":{"line":35,"column":2},"end":{"line":37,"column":null}},{"start":{},"end":{}}],"line":35},"5":{"loc":{"start":{"line":41,"column":2},"end":{"line":47,"column":null}},"type":"if","locations":[{"start":{"line":41,"column":2},"end":{"line":47,"column":null}},{"start":{},"end":{}}],"line":41},"6":{"loc":{"start":{"line":42,"column":4},"end":{"line":46,"column":null}},"type":"if","locations":[{"start":{"line":42,"column":4},"end":{"line":46,"column":null}},{"start":{"line":44,"column":11},"end":{"line":46,"column":null}}],"line":42},"7":{"loc":{"start":{"line":44,"column":11},"end":{"line":46,"column":null}},"type":"if","locations":[{"start":{"line":44,"column":11},"end":{"line":46,"column":null}},{"start":{},"end":{}}],"line":44},"8":{"loc":{"start":{"line":51,"column":17},"end":{"line":51,"column":null}},"type":"cond-expr","locations":[{"start":{"line":51,"column":29},"end":{"line":51,"column":35}},{"start":{"line":51,"column":35},"end":{"line":51,"column":null}}],"line":51},"9":{"loc":{"start":{"line":51,"column":35},"end":{"line":51,"column":null}},"type":"cond-expr","locations":[{"start":{"line":51,"column":61},"end":{"line":51,"column":67}},{"start":{"line":51,"column":67},"end":{"line":51,"column":null}}],"line":51},"10":{"loc":{"start":{"line":51,"column":67},"end":{"line":51,"column":null}},"type":"cond-expr","locations":[{"start":{"line":51,"column":93},"end":{"line":51,"column":99}},{"start":{"line":51,"column":99},"end":{"line":51,"column":null}}],"line":51}},"s":{"0":2,"1":14,"2":12,"3":2,"4":2,"5":14,"6":14,"7":14,"8":15,"9":15,"10":14,"11":14,"12":14,"13":5,"14":9,"15":4,"16":2,"17":2,"18":1,"19":2,"20":2,"21":2,"22":1,"23":7,"24":7,"25":7,"26":14,"27":14},"f":{"0":14,"1":1,"2":14,"3":14},"b":{"0":[12,2],"1":[14,4],"2":[15,0],"3":[14,10],"4":[5,9],"5":[4,5],"6":[2,2],"7":[2,0],"8":[4,3],"9":[1,2],"10":[1,1]},"meta":{"lastBranch":11,"lastFunction":4,"lastStatement":28,"seen":{"s:14:18:14:Infinity":0,"f:15:15:15:28":0,"b:16:2:16:Infinity:undefined:undefined:undefined:undefined":0,"s:16:2:16:Infinity":1,"s:16:19:16:Infinity":2,"s:17:2:19:Infinity":3,"f:17:22:17:34":1,"s:20:2:20:Infinity":4,"f:23:22:23:30":2,"s:24:2:24:Infinity":5,"s:27:37:27:Infinity":6,"s:28:2:30:Infinity":7,"b:28:38:28:69:28:69:28:71":1,"b:29:4:29:Infinity:undefined:undefined:undefined:undefined":2,"s:29:4:29:Infinity":8,"s:29:25:29:Infinity":9,"s:31:19:31:Infinity":10,"s:32:16:32:Infinity":11,"b:32:16:32:27:32:27:32:Infinity":3,"b:35:2:37:Infinity:undefined:undefined:undefined:undefined":4,"s:35:2:37:Infinity":12,"s:36:4:36:Infinity":13,"b:41:2:47:Infinity:undefined:undefined:undefined:undefined":5,"s:41:2:47:Infinity":14,"b:42:4:46:Infinity:44:11:46:Infinity":6,"s:42:4:46:Infinity":15,"s:43:6:43:Infinity":16,"s:43:12:43:58":17,"s:43:68:43:149":18,"b:44:11:46:Infinity:undefined:undefined:undefined:undefined":7,"s:44:11:46:Infinity":19,"s:45:6:45:Infinity":20,"s:45:12:45:42":21,"s:45:52:45:134":22,"s:49:37:49:Infinity":23,"s:50:17:50:Infinity":24,"s:51:17:51:Infinity":25,"b:51:29:51:35:51:35:51:Infinity":8,"b:51:61:51:67:51:67:51:Infinity":9,"b:51:93:51:99:51:99:51:Infinity":10,"s:52:2:52:Infinity":26,"f:55:9:55:14":3,"s:56:2:60:Infinity":27},"fnNames":{}}}
,"/Users/matte/projects/pleasantliving/tsairbnb/src/telemetry.ts": {"path":"/Users/matte/projects/pleasantliving/tsairbnb/src/telemetry.ts","statementMap":{"0":{"start":{"line":15,"column":14},"end":{"line":15,"column":null}},"1":{"start":{"line":19,"column":2},"end":{"line":19,"column":null}},"2":{"start":{"line":20,"column":2},"end":{"line":20,"column":null}},"3":{"start":{"line":20,"column":15},"end":{"line":20,"column":null}},"4":{"start":{"line":24,"column":2},"end":{"line":30,"column":null}},"5":{"start":{"line":25,"column":4},"end":{"line":29,"column":null}},"6":{"start":{"line":26,"column":6},"end":{"line":26,"column":null}}},"fnMap":{"0":{"name":"onEvent","decl":{"start":{"line":18,"column":16},"end":{"line":18,"column":24}},"loc":{"start":{"line":18,"column":48},"end":{"line":21,"column":null}},"line":18},"1":{"name":"(anonymous_1)","decl":{"start":{"line":20,"column":2},"end":{"line":20,"column":15}},"loc":{"start":{"line":20,"column":15},"end":{"line":20,"column":null}},"line":20},"2":{"name":"emit","decl":{"start":{"line":23,"column":16},"end":{"line":23,"column":21}},"loc":{"start":{"line":23,"column":46},"end":{"line":31,"column":null}},"line":23}},"branchMap":{},"s":{"0":18,"1":5,"2":5,"3":1,"4":190,"5":7,"6":7},"f":{"0":5,"1":1,"2":190},"b":{},"meta":{"lastBranch":0,"lastFunction":3,"lastStatement":7,"seen":{"s:15:14:15:Infinity":0,"f:18:16:18:24":0,"s:19:2:19:Infinity":1,"s:20:2:20:Infinity":2,"f:20:2:20:15":1,"s:20:15:20:Infinity":3,"f:23:16:23:21":2,"s:24:2:30:Infinity":4,"s:25:4:29:Infinity":5,"s:26:6:26:Infinity":6},"fnNames":{}}}
,"/Users/matte/projects/pleasantliving/tsairbnb/src/codecs/ids.ts": {"path":"/Users/matte/projects/pleasantliving/tsairbnb/src/codecs/ids.ts","statementMap":{"0":{"start":{"line":8,"column":2},"end":{"line":8,"column":null}},"1":{"start":{"line":13,"column":2},"end":{"line":17,"column":null}},"2":{"start":{"line":14,"column":4},"end":{"line":14,"column":null}},"3":{"start":{"line":16,"column":4},"end":{"line":16,"column":null}},"4":{"start":{"line":18,"column":12},"end":{"line":18,"column":null}},"5":{"start":{"line":19,"column":2},"end":{"line":19,"column":null}},"6":{"start":{"line":23,"column":2},"end":{"line":23,"column":null}}},"fnMap":{"0":{"name":"encodeRoomId","decl":{"start":{"line":7,"column":16},"end":{"line":7,"column":29}},"loc":{"start":{"line":7,"column":86},"end":{"line":9,"column":null}},"line":7},"1":{"name":"decodeListingId","decl":{"start":{"line":11,"column":16},"end":{"line":11,"column":32}},"loc":{"start":{"line":11,"column":60},"end":{"line":20,"column":null}},"line":11},"2":{"name":"encodeHostId","decl":{"start":{"line":22,"column":16},"end":{"line":22,"column":29}},"loc":{"start":{"line":22,"column":62},"end":{"line":24,"column":null}},"line":22}},"branchMap":{"0":{"loc":{"start":{"line":7,"column":54},"end":{"line":7,"column":86}},"type":"default-arg","locations":[{"start":{"line":7,"column":63},"end":{"line":7,"column":86}}],"line":7},"1":{"loc":{"start":{"line":19,"column":9},"end":{"line":19,"column":null}},"type":"cond-expr","locations":[{"start":{"line":19,"column":13},"end":{"line":19,"column":28}},{"start":{"line":19,"column":28},"end":{"line":19,"column":null}}],"line":19}},"s":{"0":7,"1":38,"2":38,"3":1,"4":37,"5":37,"6":10},"f":{"0":7,"1":38,"2":10},"b":{"0":[7],"1":[29,8]},"meta":{"lastBranch":2,"lastFunction":3,"lastStatement":7,"seen":{"f:7:16:7:29":0,"b:7:63:7:86":0,"s:8:2:8:Infinity":0,"f:11:16:11:32":1,"s:13:2:17:Infinity":1,"s:14:4:14:Infinity":2,"s:16:4:16:Infinity":3,"s:18:12:18:Infinity":4,"s:19:2:19:Infinity":5,"b:19:13:19:28:19:28:19:Infinity":1,"f:22:16:22:29":2,"s:23:2:23:Infinity":6},"fnNames":{}}}
,"/Users/matte/projects/pleasantliving/tsairbnb/src/config/defaults.ts": {"path":"/Users/matte/projects/pleasantliving/tsairbnb/src/config/defaults.ts","statementMap":{"0":{"start":{"line":4,"column":35},"end":{"line":9,"column":null}},"1":{"start":{"line":12,"column":30},"end":{"line":23,"column":null}}},"fnMap":{},"branchMap":{},"s":{"0":26,"1":26},"f":{},"b":{},"meta":{"lastBranch":0,"lastFunction":0,"lastStatement":2,"seen":{"s:4:35:9:Infinity":0,"s:12:30:23:Infinity":1},"fnNames":{}}}
,"/Users/matte/projects/pleasantliving/tsairbnb/src/config/load.ts": {"path":"/Users/matte/projects/pleasantliving/tsairbnb/src/config/load.ts","statementMap":{"0":{"start":{"line":10,"column":22},"end":{"line":10,"column":null}},"1":{"start":{"line":13,"column":2},"end":{"line":13,"column":null}},"2":{"start":{"line":17,"column":2},"end":{"line":17,"column":null}},"3":{"start":{"line":22,"column":17},"end":{"line":22,"column":null}},"4":{"start":{"line":23,"column":2},"end":{"line":23,"column":null}},"5":{"start":{"line":24,"column":2},"end":{"line":24,"column":null}},"6":{"start":{"line":32,"column":15},"end":{"line":32,"column":null}},"7":{"start":{"line":33,"column":2},"end":{"line":33,"column":null}},"8":{"start":{"line":33,"column":25},"end":{"line":33,"column":null}},"9":{"start":{"line":35,"column":15},"end":{"line":35,"column":null}},"10":{"start":{"line":36,"column":2},"end":{"line":36,"column":null}}},"fnMap":{"0":{"name":"getConfig","decl":{"start":{"line":12,"column":16},"end":{"line":12,"column":36}},"loc":{"start":{"line":12,"column":36},"end":{"line":14,"column":null}},"line":12},"1":{"name":"setConfig","decl":{"start":{"line":16,"column":16},"end":{"line":16,"column":26}},"loc":{"start":{"line":16,"column":43},"end":{"line":18,"column":null}},"line":16},"2":{"name":"loadConfig","decl":{"start":{"line":21,"column":16},"end":{"line":21,"column":27}},"loc":{"start":{"line":21,"column":51},"end":{"line":25,"column":null}},"line":21},"3":{"name":"rotateUserAgent","decl":{"start":{"line":31,"column":16},"end":{"line":31,"column":42}},"loc":{"start":{"line":31,"column":42},"end":{"line":37,"column":null}},"line":31}},"branchMap":{"0":{"loc":{"start":{"line":33,"column":2},"end":{"line":33,"column":null}},"type":"if","locations":[{"start":{"line":33,"column":2},"end":{"line":33,"column":null}},{"start":{},"end":{}}],"line":33},"1":{"loc":{"start":{"line":35,"column":22},"end":{"line":35,"column":89}},"type":"binary-expr","locations":[{"start":{"line":35,"column":22},"end":{"line":35,"column":54}},{"start":{"line":35,"column":54},"end":{"line":35,"column":89}}],"line":35}},"s":{"0":26,"1":357,"2":62,"3":6,"4":6,"5":6,"6":176,"7":176,"8":1,"9":175,"10":176},"f":{"0":357,"1":62,"2":6,"3":176},"b":{"0":[1,175],"1":[175,170]},"meta":{"lastBranch":2,"lastFunction":4,"lastStatement":11,"seen":{"s:10:22:10:Infinity":0,"f:12:16:12:36":0,"s:13:2:13:Infinity":1,"f:16:16:16:26":1,"s:17:2:17:Infinity":2,"f:21:16:21:27":2,"s:22:17:22:Infinity":3,"s:23:2:23:Infinity":4,"s:24:2:24:Infinity":5,"f:31:16:31:42":3,"s:32:15:32:Infinity":6,"b:33:2:33:Infinity:undefined:undefined:undefined:undefined":0,"s:33:2:33:Infinity":7,"s:33:25:33:Infinity":8,"s:35:15:35:Infinity":9,"b:35:22:35:54:35:54:35:89":1,"s:36:2:36:Infinity":10},"fnNames":{}}}
,"/Users/matte/projects/pleasantliving/tsairbnb/src/config/schema.ts": {"path":"/Users/matte/projects/pleasantliving/tsairbnb/src/config/schema.ts","statementMap":{"0":{"start":{"line":7,"column":22},"end":{"line":30,"column":null}}},"fnMap":{},"branchMap":{},"s":{"0":26},"f":{},"b":{},"meta":{"lastBranch":0,"lastFunction":0,"lastStatement":1,"seen":{"s:7:22:30:Infinity":0},"fnNames":{}}}
,"/Users/matte/projects/pleasantliving/tsairbnb/src/config/ssm-bootstrap.ts": {"path":"/Users/matte/projects/pleasantliving/tsairbnb/src/config/ssm-bootstrap.ts","statementMap":{"0":{"start":{"line":7,"column":19},"end":{"line":7,"column":null}},"1":{"start":{"line":10,"column":2},"end":{"line":10,"column":null}},"2":{"start":{"line":10,"column":20},"end":{"line":10,"column":null}},"3":{"start":{"line":11,"column":2},"end":{"line":26,"column":null}},"4":{"start":{"line":13,"column":47},"end":{"line":13,"column":null}},"5":{"start":{"line":14,"column":19},"end":{"line":14,"column":null}},"6":{"start":{"line":15,"column":19},"end":{"line":15,"column":null}},"7":{"start":{"line":16,"column":16},"end":{"line":16,"column":null}},"8":{"start":{"line":17,"column":18},"end":{"line":17,"column":null}},"9":{"start":{"line":18,"column":4},"end":{"line":21,"column":null}},"10":{"start":{"line":19,"column":29},"end":{"line":19,"column":null}},"11":{"start":{"line":20,"column":6},"end":{"line":20,"column":null}},"12":{"start":{"line":25,"column":4},"end":{"line":25,"column":null}}},"fnMap":{"0":{"name":"initFromSsm","decl":{"start":{"line":9,"column":22},"end":{"line":9,"column":51}},"loc":{"start":{"line":9,"column":51},"end":{"line":27,"column":null}},"line":9}},"branchMap":{"0":{"loc":{"start":{"line":10,"column":2},"end":{"line":10,"column":null}},"type":"if","locations":[{"start":{"line":10,"column":2},"end":{"line":10,"column":null}},{"start":{},"end":{}}],"line":10},"1":{"loc":{"start":{"line":14,"column":19},"end":{"line":14,"column":null}},"type":"binary-expr","locations":[{"start":{"line":14,"column":19},"end":{"line":14,"column":45}},{"start":{"line":14,"column":45},"end":{"line":14,"column":79}},{"start":{"line":14,"column":79},"end":{"line":14,"column":null}}],"line":14},"2":{"loc":{"start":{"line":18,"column":4},"end":{"line":21,"column":null}},"type":"if","locations":[{"start":{"line":18,"column":4},"end":{"line":21,"column":null}},{"start":{},"end":{}}],"line":18}},"s":{"0":1,"1":4,"2":3,"3":1,"4":1,"5":1,"6":4,"7":4,"8":1,"9":4,"10":1,"11":1,"12":1},"f":{"0":4},"b":{"0":[3,1],"1":[1,1,1],"2":[1,3]},"meta":{"lastBranch":3,"lastFunction":1,"lastStatement":13,"seen":{"s:7:19:7:Infinity":0,"f:9:22:9:51":0,"b:10:2:10:Infinity:undefined:undefined:undefined:undefined":0,"s:10:2:10:Infinity":1,"s:10:20:10:Infinity":2,"s:11:2:26:Infinity":3,"s:13:47:13:Infinity":4,"s:14:19:14:Infinity":5,"b:14:19:14:45:14:45:14:79:14:79:14:Infinity":1,"s:15:19:15:Infinity":6,"s:16:16:16:Infinity":7,"s:17:18:17:Infinity":8,"b:18:4:21:Infinity:undefined:undefined:undefined:undefined":2,"s:18:4:21:Infinity":9,"s:19:29:19:Infinity":10,"s:20:6:20:Infinity":11,"s:25:4:25:Infinity":12},"fnNames":{}}}
,"/Users/matte/projects/pleasantliving/tsairbnb/src/endpoints/experience-search-by-place-id.ts": {"path":"/Users/matte/projects/pleasantliving/tsairbnb/src/endpoints/experience-search-by-place-id.ts","statementMap":{"0":{"start":{"line":15,"column":41},"end":{"line":37,"column":null}},"1":{"start":{"line":25,"column":23},"end":{"line":25,"column":null}},"2":{"start":{"line":26,"column":23},"end":{"line":26,"column":null}},"3":{"start":{"line":27,"column":25},"end":{"line":27,"column":null}},"4":{"start":{"line":28,"column":29},"end":{"line":36,"column":null}}},"fnMap":{"0":{"name":"(anonymous_0)","decl":{"start":{"line":25,"column":2},"end":{"line":25,"column":14}},"loc":{"start":{"line":25,"column":23},"end":{"line":25,"column":null}},"line":25},"1":{"name":"(anonymous_1)","decl":{"start":{"line":26,"column":2},"end":{"line":26,"column":14}},"loc":{"start":{"line":26,"column":23},"end":{"line":26,"column":null}},"line":26},"2":{"name":"(anonymous_2)","decl":{"start":{"line":27,"column":2},"end":{"line":27,"column":16}},"loc":{"start":{"line":27,"column":25},"end":{"line":27,"column":null}},"line":27},"3":{"name":"(anonymous_3)","decl":{"start":{"line":28,"column":2},"end":{"line":28,"column":19}},"loc":{"start":{"line":28,"column":29},"end":{"line":36,"column":null}},"line":28}},"branchMap":{"0":{"loc":{"start":{"line":32,"column":14},"end":{"line":32,"column":null}},"type":"binary-expr","locations":[{"start":{"line":32,"column":14},"end":{"line":32,"column":29}},{"start":{"line":32,"column":29},"end":{"line":32,"column":null}}],"line":32},"1":{"loc":{"start":{"line":33,"column":15},"end":{"line":33,"column":null}},"type":"binary-expr","locations":[{"start":{"line":33,"column":15},"end":{"line":33,"column":31}},{"start":{"line":33,"column":31},"end":{"line":33,"column":null}}],"line":33},"2":{"loc":{"start":{"line":34,"column":16},"end":{"line":34,"column":null}},"type":"binary-expr","locations":[{"start":{"line":34,"column":16},"end":{"line":34,"column":33}},{"start":{"line":34,"column":33},"end":{"line":34,"column":null}}],"line":34}},"s":{"0":3,"1":11,"2":11,"3":11,"4":11},"f":{"0":11,"1":11,"2":11,"3":11},"b":{"0":[11,9],"1":[11,0],"2":[11,0]},"meta":{"lastBranch":3,"lastFunction":4,"lastStatement":5,"seen":{"s:15:41:37:Infinity":0,"f:25:2:25:14":0,"s:25:23:25:Infinity":1,"f:26:2:26:14":1,"s:26:23:26:Infinity":2,"f:27:2:27:16":2,"s:27:25:27:Infinity":3,"f:28:2:28:19":3,"s:28:29:36:Infinity":4,"b:32:14:32:29:32:29:32:Infinity":0,"b:33:15:33:31:33:31:33:Infinity":1,"b:34:16:34:33:34:33:34:Infinity":2},"fnNames":{}}}
,"/Users/matte/projects/pleasantliving/tsairbnb/src/endpoints/experience-search.ts": {"path":"/Users/matte/projects/pleasantliving/tsairbnb/src/endpoints/experience-search.ts","statementMap":{"0":{"start":{"line":19,"column":2},"end":{"line":24,"column":null}},"1":{"start":{"line":20,"column":32},"end":{"line":20,"column":null}},"2":{"start":{"line":21,"column":19},"end":{"line":21,"column":null}},"3":{"start":{"line":22,"column":4},"end":{"line":22,"column":null}},"4":{"start":{"line":22,"column":27},"end":{"line":22,"column":null}},"5":{"start":{"line":23,"column":4},"end":{"line":23,"column":null}},"6":{"start":{"line":26,"column":29},"end":{"line":26,"column":null}},"7":{"start":{"line":27,"column":19},"end":{"line":27,"column":null}},"8":{"start":{"line":28,"column":17},"end":{"line":28,"column":null}},"9":{"start":{"line":31,"column":18},"end":{"line":31,"column":null}},"10":{"start":{"line":32,"column":2},"end":{"line":32,"column":null}},"11":{"start":{"line":32,"column":19},"end":{"line":32,"column":null}},"12":{"start":{"line":33,"column":23},"end":{"line":33,"column":null}},"13":{"start":{"line":34,"column":2},"end":{"line":34,"column":null}},"14":{"start":{"line":34,"column":20},"end":{"line":34,"column":null}},"15":{"start":{"line":35,"column":22},"end":{"line":35,"column":null}},"16":{"start":{"line":36,"column":22},"end":{"line":36,"column":null}},"17":{"start":{"line":37,"column":2},"end":{"line":37,"column":null}},"18":{"start":{"line":37,"column":36},"end":{"line":37,"column":null}},"19":{"start":{"line":40,"column":17},"end":{"line":40,"column":null}},"20":{"start":{"line":41,"column":2},"end":{"line":41,"column":null}},"21":{"start":{"line":41,"column":18},"end":{"line":41,"column":null}},"22":{"start":{"line":42,"column":22},"end":{"line":42,"column":null}},"23":{"start":{"line":43,"column":2},"end":{"line":43,"column":null}},"24":{"start":{"line":43,"column":19},"end":{"line":43,"column":null}},"25":{"start":{"line":44,"column":18},"end":{"line":44,"column":null}},"26":{"start":{"line":45,"column":23},"end":{"line":45,"column":null}},"27":{"start":{"line":46,"column":2},"end":{"line":46,"column":null}},"28":{"start":{"line":46,"column":16},"end":{"line":46,"column":null}},"29":{"start":{"line":49,"column":31},"end":{"line":49,"column":null}},"30":{"start":{"line":50,"column":30},"end":{"line":50,"column":null}},"31":{"start":{"line":51,"column":19},"end":{"line":51,"column":null}},"32":{"start":{"line":52,"column":2},"end":{"line":68,"column":null}},"33":{"start":{"line":52,"column":18},"end":{"line":52,"column":21}},"34":{"start":{"line":53,"column":19},"end":{"line":63,"column":null}},"35":{"start":{"line":64,"column":4},"end":{"line":64,"column":null}},"36":{"start":{"line":64,"column":20},"end":{"line":64,"column":null}},"37":{"start":{"line":65,"column":4},"end":{"line":65,"column":null}},"38":{"start":{"line":66,"column":4},"end":{"line":66,"column":null}},"39":{"start":{"line":67,"column":4},"end":{"line":67,"column":null}},"40":{"start":{"line":67,"column":17},"end":{"line":67,"column":null}},"41":{"start":{"line":70,"column":2},"end":{"line":70,"column":null}},"42":{"start":{"line":71,"column":2},"end":{"line":71,"column":null}}},"fnMap":{"0":{"name":"experienceSearch","decl":{"start":{"line":18,"column":22},"end":{"line":18,"column":39}},"loc":{"start":{"line":18,"column":103},"end":{"line":72,"column":null}},"line":18}},"branchMap":{"0":{"loc":{"start":{"line":19,"column":2},"end":{"line":24,"column":null}},"type":"if","locations":[{"start":{"line":19,"column":2},"end":{"line":24,"column":null}},{"start":{},"end":{}}],"line":19},"1":{"loc":{"start":{"line":22,"column":4},"end":{"line":22,"column":null}},"type":"if","locations":[{"start":{"line":22,"column":4},"end":{"line":22,"column":null}},{"start":{},"end":{}}],"line":22},"2":{"loc":{"start":{"line":27,"column":19},"end":{"line":27,"column":null}},"type":"binary-expr","locations":[{"start":{"line":27,"column":19},"end":{"line":27,"column":36}},{"start":{"line":27,"column":36},"end":{"line":27,"column":null}}],"line":27},"3":{"loc":{"start":{"line":28,"column":17},"end":{"line":28,"column":null}},"type":"binary-expr","locations":[{"start":{"line":28,"column":17},"end":{"line":28,"column":32}},{"start":{"line":28,"column":32},"end":{"line":28,"column":null}}],"line":28},"4":{"loc":{"start":{"line":32,"column":2},"end":{"line":32,"column":null}},"type":"if","locations":[{"start":{"line":32,"column":2},"end":{"line":32,"column":null}},{"start":{},"end":{}}],"line":32},"5":{"loc":{"start":{"line":34,"column":2},"end":{"line":34,"column":null}},"type":"if","locations":[{"start":{"line":34,"column":2},"end":{"line":34,"column":null}},{"start":{},"end":{}}],"line":34},"6":{"loc":{"start":{"line":35,"column":22},"end":{"line":35,"column":null}},"type":"binary-expr","locations":[{"start":{"line":35,"column":22},"end":{"line":35,"column":55}},{"start":{"line":35,"column":55},"end":{"line":35,"column":null}}],"line":35},"7":{"loc":{"start":{"line":36,"column":22},"end":{"line":36,"column":null}},"type":"binary-expr","locations":[{"start":{"line":36,"column":22},"end":{"line":36,"column":50}},{"start":{"line":36,"column":50},"end":{"line":36,"column":null}}],"line":36},"8":{"loc":{"start":{"line":37,"column":2},"end":{"line":37,"column":null}},"type":"if","locations":[{"start":{"line":37,"column":2},"end":{"line":37,"column":null}},{"start":{},"end":{}}],"line":37},"9":{"loc":{"start":{"line":37,"column":6},"end":{"line":37,"column":36}},"type":"binary-expr","locations":[{"start":{"line":37,"column":6},"end":{"line":37,"column":22}},{"start":{"line":37,"column":22},"end":{"line":37,"column":36}}],"line":37},"10":{"loc":{"start":{"line":41,"column":2},"end":{"line":41,"column":null}},"type":"if","locations":[{"start":{"line":41,"column":2},"end":{"line":41,"column":null}},{"start":{},"end":{}}],"line":41},"11":{"loc":{"start":{"line":43,"column":2},"end":{"line":43,"column":null}},"type":"if","locations":[{"start":{"line":43,"column":2},"end":{"line":43,"column":null}},{"start":{},"end":{}}],"line":43},"12":{"loc":{"start":{"line":44,"column":18},"end":{"line":44,"column":null}},"type":"binary-expr","locations":[{"start":{"line":44,"column":18},"end":{"line":44,"column":58}},{"start":{"line":44,"column":58},"end":{"line":44,"column":null}}],"line":44},"13":{"loc":{"start":{"line":45,"column":23},"end":{"line":45,"column":null}},"type":"binary-expr","locations":[{"start":{"line":45,"column":23},"end":{"line":45,"column":61}},{"start":{"line":45,"column":61},"end":{"line":45,"column":null}}],"line":45},"14":{"loc":{"start":{"line":46,"column":2},"end":{"line":46,"column":null}},"type":"if","locations":[{"start":{"line":46,"column":2},"end":{"line":46,"column":null}},{"start":{},"end":{}}],"line":46},"15":{"loc":{"start":{"line":59,"column":15},"end":{"line":59,"column":null}},"type":"binary-expr","locations":[{"start":{"line":59,"column":15},"end":{"line":59,"column":31}},{"start":{"line":59,"column":31},"end":{"line":59,"column":null}}],"line":59},"16":{"loc":{"start":{"line":60,"column":16},"end":{"line":60,"column":null}},"type":"binary-expr","locations":[{"start":{"line":60,"column":16},"end":{"line":60,"column":33}},{"start":{"line":60,"column":33},"end":{"line":60,"column":null}}],"line":60},"17":{"loc":{"start":{"line":64,"column":4},"end":{"line":64,"column":null}},"type":"if","locations":[{"start":{"line":64,"column":4},"end":{"line":64,"column":null}},{"start":{},"end":{}}],"line":64},"18":{"loc":{"start":{"line":67,"column":4},"end":{"line":67,"column":null}},"type":"if","locations":[{"start":{"line":67,"column":4},"end":{"line":67,"column":null}},{"start":{},"end":{}}],"line":67}},"s":{"0":16,"1":2,"2":2,"3":2,"4":0,"5":2,"6":14,"7":14,"8":16,"9":16,"10":14,"11":1,"12":13,"13":13,"14":1,"15":12,"16":16,"17":16,"18":2,"19":10,"20":10,"21":1,"22":9,"23":9,"24":1,"25":8,"26":16,"27":16,"28":1,"29":7,"30":7,"31":7,"32":7,"33":7,"34":8,"35":8,"36":1,"37":7,"38":7,"39":7,"40":6,"41":6,"42":6},"f":{"0":16},"b":{"0":[2,14],"1":[0,2],"2":[14,14],"3":[16,14],"4":[1,13],"5":[1,12],"6":[12,3],"7":[16,3],"8":[2,14],"9":[16,10],"10":[1,9],"11":[1,8],"12":[8,3],"13":[16,3],"14":[1,15],"15":[8,8],"16":[8,8],"17":[1,7],"18":[6,1]},"meta":{"lastBranch":19,"lastFunction":1,"lastStatement":43,"seen":{"f:18:22:18:39":0,"b:19:2:24:Infinity:undefined:undefined:undefined:undefined":0,"s:19:2:24:Infinity":0,"s:20:32:20:Infinity":1,"s:21:19:21:Infinity":2,"b:22:4:22:Infinity:undefined:undefined:undefined:undefined":1,"s:22:4:22:Infinity":3,"s:22:27:22:Infinity":4,"s:23:4:23:Infinity":5,"s:26:29:26:Infinity":6,"s:27:19:27:Infinity":7,"b:27:19:27:36:27:36:27:Infinity":2,"s:28:17:28:Infinity":8,"b:28:17:28:32:28:32:28:Infinity":3,"s:31:18:31:Infinity":9,"b:32:2:32:Infinity:undefined:undefined:undefined:undefined":4,"s:32:2:32:Infinity":10,"s:32:19:32:Infinity":11,"s:33:23:33:Infinity":12,"b:34:2:34:Infinity:undefined:undefined:undefined:undefined":5,"s:34:2:34:Infinity":13,"s:34:20:34:Infinity":14,"s:35:22:35:Infinity":15,"b:35:22:35:55:35:55:35:Infinity":6,"s:36:22:36:Infinity":16,"b:36:22:36:50:36:50:36:Infinity":7,"b:37:2:37:Infinity:undefined:undefined:undefined:undefined":8,"s:37:2:37:Infinity":17,"b:37:6:37:22:37:22:37:36":9,"s:37:36:37:Infinity":18,"s:40:17:40:Infinity":19,"b:41:2:41:Infinity:undefined:undefined:undefined:undefined":10,"s:41:2:41:Infinity":20,"s:41:18:41:Infinity":21,"s:42:22:42:Infinity":22,"b:43:2:43:Infinity:undefined:undefined:undefined:undefined":11,"s:43:2:43:Infinity":23,"s:43:19:43:Infinity":24,"s:44:18:44:Infinity":25,"b:44:18:44:58:44:58:44:Infinity":12,"s:45:23:45:Infinity":26,"b:45:23:45:61:45:61:45:Infinity":13,"b:46:2:46:Infinity:undefined:undefined:undefined:undefined":14,"s:46:2:46:Infinity":27,"s:46:16:46:Infinity":28,"s:49:31:49:Infinity":29,"s:50:30:50:Infinity":30,"s:51:19:51:Infinity":31,"s:52:2:68:Infinity":32,"s:52:18:52:21":33,"s:53:19:63:Infinity":34,"b:59:15:59:31:59:31:59:Infinity":15,"b:60:16:60:33:60:33:60:Infinity":16,"b:64:4:64:Infinity:undefined:undefined:undefined:undefined":17,"s:64:4:64:Infinity":35,"s:64:20:64:Infinity":36,"s:65:4:65:Infinity":37,"s:66:4:66:Infinity":38,"b:67:4:67:Infinity:undefined:undefined:undefined:undefined":18,"s:67:4:67:Infinity":39,"s:67:17:67:Infinity":40,"s:70:2:70:Infinity":41,"s:71:2:71:Infinity":42},"fnNames":{}}}
,"/Users/matte/projects/pleasantliving/tsairbnb/src/endpoints/fetch-stays-search-hash.ts": {"path":"/Users/matte/projects/pleasantliving/tsairbnb/src/endpoints/fetch-stays-search-hash.ts","statementMap":{"0":{"start":{"line":16,"column":2},"end":{"line":20,"column":null}},"1":{"start":{"line":17,"column":17},"end":{"line":17,"column":null}},"2":{"start":{"line":18,"column":4},"end":{"line":18,"column":null}},"3":{"start":{"line":18,"column":15},"end":{"line":18,"column":null}},"4":{"start":{"line":19,"column":4},"end":{"line":19,"column":null}},"5":{"start":{"line":22,"column":13},"end":{"line":22,"column":null}},"6":{"start":{"line":23,"column":2},"end":{"line":30,"column":null}},"7":{"start":{"line":24,"column":17},"end":{"line":24,"column":44}},"8":{"start":{"line":25,"column":4},"end":{"line":25,"column":null}},"9":{"start":{"line":28,"column":34},"end":{"line":28,"column":null}},"10":{"start":{"line":29,"column":4},"end":{"line":29,"column":null}}},"fnMap":{"0":{"name":"fetchStaysSearchHashEndpoint","decl":{"start":{"line":15,"column":22},"end":{"line":15,"column":51}},"loc":{"start":{"line":15,"column":139},"end":{"line":31,"column":null}},"line":15}},"branchMap":{"0":{"loc":{"start":{"line":16,"column":2},"end":{"line":20,"column":null}},"type":"if","locations":[{"start":{"line":16,"column":2},"end":{"line":20,"column":null}},{"start":{},"end":{}}],"line":16},"1":{"loc":{"start":{"line":17,"column":17},"end":{"line":17,"column":null}},"type":"cond-expr","locations":[{"start":{"line":17,"column":48},"end":{"line":17,"column":60}},{"start":{"line":17,"column":60},"end":{"line":17,"column":null}}],"line":17},"2":{"loc":{"start":{"line":18,"column":4},"end":{"line":18,"column":null}},"type":"if","locations":[{"start":{"line":18,"column":4},"end":{"line":18,"column":null}},{"start":{},"end":{}}],"line":18}},"s":{"0":5,"1":3,"2":3,"3":1,"4":2,"5":2,"6":2,"7":2,"8":1,"9":1,"10":1},"f":{"0":5},"b":{"0":[3,2],"1":[1,2],"2":[1,2]},"meta":{"lastBranch":3,"lastFunction":1,"lastStatement":11,"seen":{"f:15:22:15:51":0,"b:16:2:20:Infinity:undefined:undefined:undefined:undefined":0,"s:16:2:20:Infinity":0,"s:17:17:17:Infinity":1,"b:17:48:17:60:17:60:17:Infinity":1,"b:18:4:18:Infinity:undefined:undefined:undefined:undefined":2,"s:18:4:18:Infinity":2,"s:18:15:18:Infinity":3,"s:19:4:19:Infinity":4,"s:22:13:22:Infinity":5,"s:23:2:30:Infinity":6,"s:24:17:24:44":7,"s:25:4:25:Infinity":8,"s:28:34:28:Infinity":9,"s:29:4:29:Infinity":10},"fnNames":{}}}
,"/Users/matte/projects/pleasantliving/tsairbnb/src/endpoints/get-api-key.ts": {"path":"/Users/matte/projects/pleasantliving/tsairbnb/src/endpoints/get-api-key.ts","statementMap":{"0":{"start":{"line":12,"column":17},"end":{"line":12,"column":null}},"1":{"start":{"line":13,"column":19},"end":{"line":13,"column":null}},"2":{"start":{"line":20,"column":2},"end":{"line":24,"column":null}},"3":{"start":{"line":21,"column":14},"end":{"line":21,"column":null}},"4":{"start":{"line":22,"column":4},"end":{"line":22,"column":null}},"5":{"start":{"line":22,"column":17},"end":{"line":22,"column":null}},"6":{"start":{"line":23,"column":4},"end":{"line":23,"column":null}},"7":{"start":{"line":26,"column":13},"end":{"line":26,"column":null}},"8":{"start":{"line":27,"column":14},"end":{"line":27,"column":null}},"9":{"start":{"line":28,"column":2},"end":{"line":28,"column":null}},"10":{"start":{"line":29,"column":2},"end":{"line":29,"column":null}},"11":{"start":{"line":29,"column":26},"end":{"line":29,"column":null}},"12":{"start":{"line":31,"column":12},"end":{"line":31,"column":null}},"13":{"start":{"line":32,"column":2},"end":{"line":32,"column":null}},"14":{"start":{"line":32,"column":15},"end":{"line":32,"column":null}},"15":{"start":{"line":33,"column":2},"end":{"line":38,"column":null}},"16":{"start":{"line":42,"column":2},"end":{"line":49,"column":null}}},"fnMap":{"0":{"name":"getApiKey","decl":{"start":{"line":19,"column":22},"end":{"line":19,"column":32}},"loc":{"start":{"line":19,"column":92},"end":{"line":39,"column":null}},"line":19},"1":{"name":"metaBase","decl":{"start":{"line":41,"column":9},"end":{"line":41,"column":18}},"loc":{"start":{"line":41,"column":97},"end":{"line":50,"column":null}},"line":41}},"branchMap":{"0":{"loc":{"start":{"line":20,"column":2},"end":{"line":24,"column":null}},"type":"if","locations":[{"start":{"line":20,"column":2},"end":{"line":24,"column":null}},{"start":{},"end":{}}],"line":20},"1":{"loc":{"start":{"line":22,"column":4},"end":{"line":22,"column":null}},"type":"if","locations":[{"start":{"line":22,"column":4},"end":{"line":22,"column":null}},{"start":{},"end":{}}],"line":22},"2":{"loc":{"start":{"line":29,"column":2},"end":{"line":29,"column":null}},"type":"if","locations":[{"start":{"line":29,"column":2},"end":{"line":29,"column":null}},{"start":{},"end":{}}],"line":29},"3":{"loc":{"start":{"line":32,"column":2},"end":{"line":32,"column":null}},"type":"if","locations":[{"start":{"line":32,"column":2},"end":{"line":32,"column":null}},{"start":{},"end":{}}],"line":32},"4":{"loc":{"start":{"line":41,"column":89},"end":{"line":41,"column":97}},"type":"default-arg","locations":[{"start":{"line":41,"column":94},"end":{"line":41,"column":97}}],"line":41},"5":{"loc":{"start":{"line":43,"column":15},"end":{"line":43,"column":null}},"type":"cond-expr","locations":[{"start":{"line":43,"column":33},"end":{"line":43,"column":60}},{"start":{"line":43,"column":60},"end":{"line":43,"column":null}}],"line":43},"6":{"loc":{"start":{"line":45,"column":16},"end":{"line":45,"column":null}},"type":"cond-expr","locations":[{"start":{"line":45,"column":21},"end":{"line":45,"column":39}},{"start":{"line":45,"column":39},"end":{"line":45,"column":null}}],"line":45}},"s":{"0":2,"1":2,"2":5,"3":2,"4":2,"5":1,"6":1,"7":3,"8":3,"9":3,"10":3,"11":1,"12":2,"13":2,"14":1,"15":1,"16":2},"f":{"0":5,"1":2},"b":{"0":[2,3],"1":[1,1],"2":[1,2],"3":[1,1],"4":[2],"5":[1,1],"6":[1,1]},"meta":{"lastBranch":7,"lastFunction":2,"lastStatement":17,"seen":{"s:12:17:12:Infinity":0,"s:13:19:13:Infinity":1,"f:19:22:19:32":0,"b:20:2:24:Infinity:undefined:undefined:undefined:undefined":0,"s:20:2:24:Infinity":2,"s:21:14:21:Infinity":3,"b:22:4:22:Infinity:undefined:undefined:undefined:undefined":1,"s:22:4:22:Infinity":4,"s:22:17:22:Infinity":5,"s:23:4:23:Infinity":6,"s:26:13:26:Infinity":7,"s:27:14:27:Infinity":8,"s:28:2:28:Infinity":9,"b:29:2:29:Infinity:undefined:undefined:undefined:undefined":2,"s:29:2:29:Infinity":10,"s:29:26:29:Infinity":11,"s:31:12:31:Infinity":12,"b:32:2:32:Infinity:undefined:undefined:undefined:undefined":3,"s:32:2:32:Infinity":13,"s:32:15:32:Infinity":14,"s:33:2:38:Infinity":15,"f:41:9:41:18":1,"b:41:94:41:97":4,"s:42:2:49:Infinity":16,"b:43:33:43:60:43:60:43:Infinity":5,"b:45:21:45:39:45:39:45:Infinity":6},"fnNames":{}}}
,"/Users/matte/projects/pleasantliving/tsairbnb/src/endpoints/get-calendar.ts": {"path":"/Users/matte/projects/pleasantliving/tsairbnb/src/endpoints/get-calendar.ts","statementMap":{"0":{"start":{"line":16,"column":27},"end":{"line":34,"column":null}},"1":{"start":{"line":22,"column":23},"end":{"line":22,"column":null}},"2":{"start":{"line":24,"column":16},"end":{"line":24,"column":null}},"3":{"start":{"line":25,"column":4},"end":{"line":32,"column":null}}},"fnMap":{"0":{"name":"(anonymous_0)","decl":{"start":{"line":22,"column":2},"end":{"line":22,"column":14}},"loc":{"start":{"line":22,"column":23},"end":{"line":22,"column":null}},"line":22},"1":{"name":"(anonymous_1)","decl":{"start":{"line":23,"column":2},"end":{"line":23,"column":19}},"loc":{"start":{"line":23,"column":28},"end":{"line":33,"column":null}},"line":23}},"branchMap":{"0":{"loc":{"start":{"line":27,"column":15},"end":{"line":27,"column":null}},"type":"binary-expr","locations":[{"start":{"line":27,"column":15},"end":{"line":27,"column":30}},{"start":{"line":27,"column":30},"end":{"line":27,"column":null}}],"line":27},"1":{"loc":{"start":{"line":29,"column":15},"end":{"line":29,"column":null}},"type":"binary-expr","locations":[{"start":{"line":29,"column":15},"end":{"line":29,"column":29}},{"start":{"line":29,"column":29},"end":{"line":29,"column":null}}],"line":29},"2":{"loc":{"start":{"line":30,"column":14},"end":{"line":30,"column":null}},"type":"binary-expr","locations":[{"start":{"line":30,"column":14},"end":{"line":30,"column":27}},{"start":{"line":30,"column":27},"end":{"line":30,"column":null}}],"line":30}},"s":{"0":3,"1":3,"2":3,"3":3},"f":{"0":3,"1":3},"b":{"0":[3,3],"1":[3,3],"2":[3,3]},"meta":{"lastBranch":3,"lastFunction":2,"lastStatement":4,"seen":{"s:16:27:34:Infinity":0,"f:22:2:22:14":0,"s:22:23:22:Infinity":1,"f:23:2:23:19":1,"s:24:16:24:Infinity":2,"s:25:4:32:Infinity":3,"b:27:15:27:30:27:30:27:Infinity":0,"b:29:15:29:29:29:29:29:Infinity":1,"b:30:14:30:27:30:27:30:Infinity":2},"fnNames":{}}}
,"/Users/matte/projects/pleasantliving/tsairbnb/src/endpoints/get-details.ts": {"path":"/Users/matte/projects/pleasantliving/tsairbnb/src/endpoints/get-details.ts","statementMap":{"0":{"start":{"line":32,"column":2},"end":{"line":42,"column":null}},"1":{"start":{"line":33,"column":29},"end":{"line":33,"column":null}},"2":{"start":{"line":34,"column":19},"end":{"line":34,"column":null}},"3":{"start":{"line":35,"column":4},"end":{"line":35,"column":null}},"4":{"start":{"line":35,"column":27},"end":{"line":35,"column":null}},"5":{"start":{"line":36,"column":4},"end":{"line":41,"column":null}},"6":{"start":{"line":44,"column":18},"end":{"line":44,"column":null}},"7":{"start":{"line":45,"column":2},"end":{"line":45,"column":null}},"8":{"start":{"line":45,"column":16},"end":{"line":45,"column":null}},"9":{"start":{"line":47,"column":29},"end":{"line":47,"column":null}},"10":{"start":{"line":48,"column":13},"end":{"line":48,"column":null}},"11":{"start":{"line":51,"column":15},"end":{"line":51,"column":null}},"12":{"start":{"line":52,"column":2},"end":{"line":52,"column":null}},"13":{"start":{"line":52,"column":16},"end":{"line":52,"column":null}},"14":{"start":{"line":53,"column":17},"end":{"line":53,"column":null}},"15":{"start":{"line":54,"column":23},"end":{"line":54,"column":null}},"16":{"start":{"line":55,"column":18},"end":{"line":55,"column":null}},"17":{"start":{"line":58,"column":27},"end":{"line":58,"column":null}},"18":{"start":{"line":59,"column":17},"end":{"line":59,"column":null}},"19":{"start":{"line":60,"column":2},"end":{"line":60,"column":null}},"20":{"start":{"line":60,"column":25},"end":{"line":60,"column":null}},"21":{"start":{"line":61,"column":2},"end":{"line":61,"column":null}},"22":{"start":{"line":63,"column":20},"end":{"line":63,"column":null}},"23":{"start":{"line":66,"column":36},"end":{"line":70,"column":null}},"24":{"start":{"line":71,"column":2},"end":{"line":72,"column":null}},"25":{"start":{"line":71,"column":55},"end":{"line":71,"column":null}},"26":{"start":{"line":72,"column":7},"end":{"line":72,"column":null}},"27":{"start":{"line":72,"column":42},"end":{"line":72,"column":null}},"28":{"start":{"line":73,"column":2},"end":{"line":73,"column":null}},"29":{"start":{"line":73,"column":57},"end":{"line":73,"column":null}},"30":{"start":{"line":74,"column":2},"end":{"line":74,"column":null}},"31":{"start":{"line":74,"column":49},"end":{"line":74,"column":null}},"32":{"start":{"line":77,"column":2},"end":{"line":92,"column":null}},"33":{"start":{"line":78,"column":18},"end":{"line":87,"column":null}},"34":{"start":{"line":88,"column":4},"end":{"line":89,"column":null}},"35":{"start":{"line":88,"column":18},"end":{"line":88,"column":null}},"36":{"start":{"line":89,"column":9},"end":{"line":89,"column":null}},"37":{"start":{"line":90,"column":9},"end":{"line":92,"column":null}},"38":{"start":{"line":91,"column":4},"end":{"line":91,"column":null}},"39":{"start":{"line":94,"column":2},"end":{"line":94,"column":null}},"40":{"start":{"line":95,"column":2},"end":{"line":100,"column":null}},"41":{"start":{"line":104,"column":12},"end":{"line":104,"column":null}},"42":{"start":{"line":105,"column":2},"end":{"line":105,"column":null}}},"fnMap":{"0":{"name":"getDetails","decl":{"start":{"line":31,"column":22},"end":{"line":31,"column":33}},"loc":{"start":{"line":31,"column":160},"end":{"line":101,"column":null}},"line":31},"1":{"name":"scrapeApiKey","decl":{"start":{"line":103,"column":9},"end":{"line":103,"column":22}},"loc":{"start":{"line":103,"column":51},"end":{"line":106,"column":null}},"line":103}},"branchMap":{"0":{"loc":{"start":{"line":32,"column":2},"end":{"line":42,"column":null}},"type":"if","locations":[{"start":{"line":32,"column":2},"end":{"line":42,"column":null}},{"start":{},"end":{}}],"line":32},"1":{"loc":{"start":{"line":35,"column":4},"end":{"line":35,"column":null}},"type":"if","locations":[{"start":{"line":35,"column":4},"end":{"line":35,"column":null}},{"start":{},"end":{}}],"line":35},"2":{"loc":{"start":{"line":44,"column":18},"end":{"line":44,"column":null}},"type":"binary-expr","locations":[{"start":{"line":44,"column":18},"end":{"line":44,"column":35}},{"start":{"line":44,"column":35},"end":{"line":44,"column":null}}],"line":44},"3":{"loc":{"start":{"line":44,"column":35},"end":{"line":44,"column":null}},"type":"cond-expr","locations":[{"start":{"line":44,"column":49},"end":{"line":44,"column":97}},{"start":{"line":44,"column":97},"end":{"line":44,"column":null}}],"line":44},"4":{"loc":{"start":{"line":45,"column":2},"end":{"line":45,"column":null}},"type":"if","locations":[{"start":{"line":45,"column":2},"end":{"line":45,"column":null}},{"start":{},"end":{}}],"line":45},"5":{"loc":{"start":{"line":51,"column":75},"end":{"line":51,"column":95}},"type":"binary-expr","locations":[{"start":{"line":51,"column":75},"end":{"line":51,"column":92}},{"start":{"line":51,"column":92},"end":{"line":51,"column":95}}],"line":51},"6":{"loc":{"start":{"line":52,"column":2},"end":{"line":52,"column":null}},"type":"if","locations":[{"start":{"line":52,"column":2},"end":{"line":52,"column":null}},{"start":{},"end":{}}],"line":52},"7":{"loc":{"start":{"line":53,"column":17},"end":{"line":53,"column":null}},"type":"binary-expr","locations":[{"start":{"line":53,"column":17},"end":{"line":53,"column":48}},{"start":{"line":53,"column":48},"end":{"line":53,"column":null}}],"line":53},"8":{"loc":{"start":{"line":54,"column":23},"end":{"line":54,"column":null}},"type":"binary-expr","locations":[{"start":{"line":54,"column":23},"end":{"line":54,"column":60}},{"start":{"line":54,"column":60},"end":{"line":54,"column":null}}],"line":54},"9":{"loc":{"start":{"line":60,"column":2},"end":{"line":60,"column":null}},"type":"if","locations":[{"start":{"line":60,"column":2},"end":{"line":60,"column":null}},{"start":{},"end":{}}],"line":60},"10":{"loc":{"start":{"line":67,"column":4},"end":{"line":67,"column":null}},"type":"cond-expr","locations":[{"start":{"line":67,"column":13},"end":{"line":67,"column":92}},{"start":{"line":67,"column":92},"end":{"line":67,"column":null}}],"line":67},"11":{"loc":{"start":{"line":67,"column":59},"end":{"line":67,"column":80}},"type":"binary-expr","locations":[{"start":{"line":67,"column":59},"end":{"line":67,"column":76}},{"start":{"line":67,"column":76},"end":{"line":67,"column":80}}],"line":67},"12":{"loc":{"start":{"line":68,"column":4},"end":{"line":68,"column":null}},"type":"cond-expr","locations":[{"start":{"line":68,"column":24},"end":{"line":68,"column":89}},{"start":{"line":68,"column":89},"end":{"line":68,"column":null}}],"line":68},"13":{"loc":{"start":{"line":68,"column":4},"end":{"line":68,"column":24}},"type":"binary-expr","locations":[{"start":{"line":68,"column":4},"end":{"line":68,"column":14}},{"start":{"line":68,"column":14},"end":{"line":68,"column":24}}],"line":68},"14":{"loc":{"start":{"line":69,"column":4},"end":{"line":69,"column":null}},"type":"cond-expr","locations":[{"start":{"line":69,"column":30},"end":{"line":69,"column":126}},{"start":{"line":69,"column":126},"end":{"line":69,"column":null}}],"line":69},"15":{"loc":{"start":{"line":69,"column":4},"end":{"line":69,"column":30}},"type":"binary-expr","locations":[{"start":{"line":69,"column":4},"end":{"line":69,"column":14}},{"start":{"line":69,"column":14},"end":{"line":69,"column":30}}],"line":69},"16":{"loc":{"start":{"line":69,"column":101},"end":{"line":69,"column":121}},"type":"binary-expr","locations":[{"start":{"line":69,"column":101},"end":{"line":69,"column":118}},{"start":{"line":69,"column":118},"end":{"line":69,"column":121}}],"line":69},"17":{"loc":{"start":{"line":71,"column":2},"end":{"line":72,"column":null}},"type":"if","locations":[{"start":{"line":71,"column":2},"end":{"line":72,"column":null}},{"start":{"line":72,"column":7},"end":{"line":72,"column":null}}],"line":71},"18":{"loc":{"start":{"line":71,"column":6},"end":{"line":71,"column":55}},"type":"binary-expr","locations":[{"start":{"line":71,"column":6},"end":{"line":71,"column":40}},{"start":{"line":71,"column":40},"end":{"line":71,"column":55}}],"line":71},"19":{"loc":{"start":{"line":72,"column":7},"end":{"line":72,"column":null}},"type":"if","locations":[{"start":{"line":72,"column":7},"end":{"line":72,"column":null}},{"start":{},"end":{}}],"line":72},"20":{"loc":{"start":{"line":73,"column":2},"end":{"line":73,"column":null}},"type":"if","locations":[{"start":{"line":73,"column":2},"end":{"line":73,"column":null}},{"start":{},"end":{}}],"line":73},"21":{"loc":{"start":{"line":73,"column":6},"end":{"line":73,"column":57}},"type":"binary-expr","locations":[{"start":{"line":73,"column":6},"end":{"line":73,"column":41}},{"start":{"line":73,"column":41},"end":{"line":73,"column":57}}],"line":73},"22":{"loc":{"start":{"line":74,"column":2},"end":{"line":74,"column":null}},"type":"if","locations":[{"start":{"line":74,"column":2},"end":{"line":74,"column":null}},{"start":{},"end":{}}],"line":74},"23":{"loc":{"start":{"line":74,"column":6},"end":{"line":74,"column":49}},"type":"binary-expr","locations":[{"start":{"line":74,"column":6},"end":{"line":74,"column":37}},{"start":{"line":74,"column":37},"end":{"line":74,"column":49}}],"line":74},"24":{"loc":{"start":{"line":77,"column":2},"end":{"line":92,"column":null}},"type":"if","locations":[{"start":{"line":77,"column":2},"end":{"line":92,"column":null}},{"start":{"line":90,"column":9},"end":{"line":92,"column":null}}],"line":77},"25":{"loc":{"start":{"line":77,"column":6},"end":{"line":77,"column":74}},"type":"binary-expr","locations":[{"start":{"line":77,"column":6},"end":{"line":77,"column":22}},{"start":{"line":77,"column":22},"end":{"line":77,"column":39}},{"start":{"line":77,"column":39},"end":{"line":77,"column":49}},{"start":{"line":77,"column":49},"end":{"line":77,"column":65}},{"start":{"line":77,"column":65},"end":{"line":77,"column":74}}],"line":77},"26":{"loc":{"start":{"line":83,"column":14},"end":{"line":83,"column":null}},"type":"binary-expr","locations":[{"start":{"line":83,"column":14},"end":{"line":83,"column":29}},{"start":{"line":83,"column":29},"end":{"line":83,"column":null}}],"line":83},"27":{"loc":{"start":{"line":88,"column":4},"end":{"line":89,"column":null}},"type":"if","locations":[{"start":{"line":88,"column":4},"end":{"line":89,"column":null}},{"start":{"line":89,"column":9},"end":{"line":89,"column":null}}],"line":88},"28":{"loc":{"start":{"line":90,"column":9},"end":{"line":92,"column":null}},"type":"if","locations":[{"start":{"line":90,"column":9},"end":{"line":92,"column":null}},{"start":{},"end":{}}],"line":90},"29":{"loc":{"start":{"line":90,"column":13},"end":{"line":90,"column":44}},"type":"binary-expr","locations":[{"start":{"line":90,"column":13},"end":{"line":90,"column":29}},{"start":{"line":90,"column":29},"end":{"line":90,"column":44}}],"line":90},"30":{"loc":{"start":{"line":105,"column":9},"end":{"line":105,"column":null}},"type":"binary-expr","locations":[{"start":{"line":105,"column":9},"end":{"line":105,"column":19}},{"start":{"line":105,"column":19},"end":{"line":105,"column":null}}],"line":105}},"s":{"0":19,"1":1,"2":1,"3":1,"4":0,"5":1,"6":18,"7":19,"8":1,"9":17,"10":17,"11":17,"12":17,"13":1,"14":16,"15":19,"16":19,"17":19,"18":16,"19":16,"20":0,"21":16,"22":16,"23":16,"24":16,"25":14,"26":2,"27":1,"28":16,"29":1,"30":16,"31":0,"32":16,"33":1,"34":1,"35":0,"36":1,"37":15,"38":10,"39":16,"40":16,"41":1,"42":1},"f":{"0":19,"1":1},"b":{"0":[1,18],"1":[0,1],"2":[18,18],"3":[17,1],"4":[1,18],"5":[17,17],"6":[1,16],"7":[16,1],"8":[19,5],"9":[0,16],"10":[15,1],"11":[15,15],"12":[1,15],"13":[19,15],"14":[0,16],"15":[19,15],"16":[0,0],"17":[14,2],"18":[16,15],"19":[1,1],"20":[1,15],"21":[16,16],"22":[0,16],"23":[16,16],"24":[1,15],"25":[16,11,10,10,10],"26":[1,1],"27":[0,1],"28":[10,5],"29":[15,5],"30":[1,1]},"meta":{"lastBranch":31,"lastFunction":2,"lastStatement":43,"seen":{"f:31:22:31:33":0,"b:32:2:42:Infinity:undefined:undefined:undefined:undefined":0,"s:32:2:42:Infinity":0,"s:33:29:33:Infinity":1,"s:34:19:34:Infinity":2,"b:35:4:35:Infinity:undefined:undefined:undefined:undefined":1,"s:35:4:35:Infinity":3,"s:35:27:35:Infinity":4,"s:36:4:41:Infinity":5,"s:44:18:44:Infinity":6,"b:44:18:44:35:44:35:44:Infinity":2,"b:44:49:44:97:44:97:44:Infinity":3,"b:45:2:45:Infinity:undefined:undefined:undefined:undefined":4,"s:45:2:45:Infinity":7,"s:45:16:45:Infinity":8,"s:47:29:47:Infinity":9,"s:48:13:48:Infinity":10,"s:51:15:51:Infinity":11,"b:51:75:51:92:51:92:51:95":5,"b:52:2:52:Infinity:undefined:undefined:undefined:undefined":6,"s:52:2:52:Infinity":12,"s:52:16:52:Infinity":13,"s:53:17:53:Infinity":14,"b:53:17:53:48:53:48:53:Infinity":7,"s:54:23:54:Infinity":15,"b:54:23:54:60:54:60:54:Infinity":8,"s:55:18:55:Infinity":16,"s:58:27:58:Infinity":17,"s:59:17:59:Infinity":18,"b:60:2:60:Infinity:undefined:undefined:undefined:undefined":9,"s:60:2:60:Infinity":19,"s:60:25:60:Infinity":20,"s:61:2:61:Infinity":21,"s:63:20:63:Infinity":22,"s:66:36:70:Infinity":23,"b:67:13:67:92:67:92:67:Infinity":10,"b:67:59:67:76:67:76:67:80":11,"b:68:24:68:89:68:89:68:Infinity":12,"b:68:4:68:14:68:14:68:24":13,"b:69:30:69:126:69:126:69:Infinity":14,"b:69:4:69:14:69:14:69:30":15,"b:69:101:69:118:69:118:69:121":16,"b:71:2:72:Infinity:72:7:72:Infinity":17,"s:71:2:72:Infinity":24,"b:71:6:71:40:71:40:71:55":18,"s:71:55:71:Infinity":25,"b:72:7:72:Infinity:undefined:undefined:undefined:undefined":19,"s:72:7:72:Infinity":26,"s:72:42:72:Infinity":27,"b:73:2:73:Infinity:undefined:undefined:undefined:undefined":20,"s:73:2:73:Infinity":28,"b:73:6:73:41:73:41:73:57":21,"s:73:57:73:Infinity":29,"b:74:2:74:Infinity:undefined:undefined:undefined:undefined":22,"s:74:2:74:Infinity":30,"b:74:6:74:37:74:37:74:49":23,"s:74:49:74:Infinity":31,"b:77:2:92:Infinity:90:9:92:Infinity":24,"s:77:2:92:Infinity":32,"b:77:6:77:22:77:22:77:39:77:39:77:49:77:49:77:65:77:65:77:74":25,"s:78:18:87:Infinity":33,"b:83:14:83:29:83:29:83:Infinity":26,"b:88:4:89:Infinity:89:9:89:Infinity":27,"s:88:4:89:Infinity":34,"s:88:18:88:Infinity":35,"s:89:9:89:Infinity":36,"b:90:9:92:Infinity:undefined:undefined:undefined:undefined":28,"s:90:9:92:Infinity":37,"b:90:13:90:29:90:29:90:44":29,"s:91:4:91:Infinity":38,"s:94:2:94:Infinity":39,"s:95:2:100:Infinity":40,"f:103:9:103:22":1,"s:104:12:104:Infinity":41,"s:105:2:105:Infinity":42,"b:105:9:105:19:105:19:105:Infinity":30},"fnNames":{}}}
,"/Users/matte/projects/pleasantliving/tsairbnb/src/endpoints/get-host-details.ts": {"path":"/Users/matte/projects/pleasantliving/tsairbnb/src/endpoints/get-host-details.ts","statementMap":{"0":{"start":{"line":16,"column":30},"end":{"line":25,"column":null}},"1":{"start":{"line":22,"column":23},"end":{"line":22,"column":null}},"2":{"start":{"line":23,"column":23},"end":{"line":23,"column":null}},"3":{"start":{"line":24,"column":29},"end":{"line":24,"column":null}}},"fnMap":{"0":{"name":"(anonymous_0)","decl":{"start":{"line":22,"column":2},"end":{"line":22,"column":14}},"loc":{"start":{"line":22,"column":23},"end":{"line":22,"column":null}},"line":22},"1":{"name":"(anonymous_1)","decl":{"start":{"line":23,"column":2},"end":{"line":23,"column":14}},"loc":{"start":{"line":23,"column":23},"end":{"line":23,"column":null}},"line":23},"2":{"name":"(anonymous_2)","decl":{"start":{"line":24,"column":2},"end":{"line":24,"column":19}},"loc":{"start":{"line":24,"column":29},"end":{"line":24,"column":null}},"line":24}},"branchMap":{},"s":{"0":3,"1":2,"2":2,"3":2},"f":{"0":2,"1":2,"2":2},"b":{},"meta":{"lastBranch":0,"lastFunction":3,"lastStatement":4,"seen":{"s:16:30:25:Infinity":0,"f:22:2:22:14":0,"s:22:23:22:Infinity":1,"f:23:2:23:14":1,"s:23:23:23:Infinity":2,"f:24:2:24:19":2,"s:24:29:24:Infinity":3},"fnNames":{}}}
,"/Users/matte/projects/pleasantliving/tsairbnb/src/endpoints/get-listings-from-user.ts": {"path":"/Users/matte/projects/pleasantliving/tsairbnb/src/endpoints/get-listings-from-user.ts","statementMap":{"0":{"start":{"line":16,"column":14},"end":{"line":16,"column":null}},"1":{"start":{"line":18,"column":22},"end":{"line":34,"column":null}},"2":{"start":{"line":29,"column":23},"end":{"line":29,"column":null}},"3":{"start":{"line":30,"column":35},"end":{"line":30,"column":null}},"4":{"start":{"line":31,"column":26},"end":{"line":31,"column":null}},"5":{"start":{"line":32,"column":23},"end":{"line":32,"column":null}},"6":{"start":{"line":33,"column":24},"end":{"line":33,"column":null}},"7":{"start":{"line":38,"column":14},"end":{"line":38,"column":null}},"8":{"start":{"line":39,"column":2},"end":{"line":39,"column":null}},"9":{"start":{"line":39,"column":15},"end":{"line":39,"column":null}},"10":{"start":{"line":40,"column":2},"end":{"line":40,"column":null}}},"fnMap":{"0":{"name":"(anonymous_0)","decl":{"start":{"line":29,"column":2},"end":{"line":29,"column":14}},"loc":{"start":{"line":29,"column":23},"end":{"line":29,"column":null}},"line":29},"1":{"name":"(anonymous_1)","decl":{"start":{"line":30,"column":2},"end":{"line":30,"column":19}},"loc":{"start":{"line":30,"column":35},"end":{"line":30,"column":null}},"line":30},"2":{"name":"(anonymous_2)","decl":{"start":{"line":31,"column":2},"end":{"line":31,"column":17}},"loc":{"start":{"line":31,"column":26},"end":{"line":31,"column":null}},"line":31},"3":{"name":"(anonymous_3)","decl":{"start":{"line":32,"column":2},"end":{"line":32,"column":23}},"loc":{"start":{"line":32,"column":23},"end":{"line":32,"column":null}},"line":32},"4":{"name":"(anonymous_4)","decl":{"start":{"line":33,"column":2},"end":{"line":33,"column":15}},"loc":{"start":{"line":33,"column":24},"end":{"line":33,"column":null}},"line":33},"5":{"name":"getListingsFromUser","decl":{"start":{"line":37,"column":22},"end":{"line":37,"column":42}},"loc":{"start":{"line":37,"column":124},"end":{"line":41,"column":null}},"line":37}},"branchMap":{"0":{"loc":{"start":{"line":39,"column":2},"end":{"line":39,"column":null}},"type":"if","locations":[{"start":{"line":39,"column":2},"end":{"line":39,"column":null}},{"start":{},"end":{}}],"line":39}},"s":{"0":2,"1":2,"2":4,"3":6,"4":6,"5":2,"6":5,"7":5,"8":5,"9":1,"10":4},"f":{"0":4,"1":6,"2":6,"3":2,"4":5,"5":5},"b":{"0":[1,4]},"meta":{"lastBranch":1,"lastFunction":6,"lastStatement":11,"seen":{"s:16:14:16:Infinity":0,"s:18:22:34:Infinity":1,"f:29:2:29:14":0,"s:29:23:29:Infinity":2,"f:30:2:30:19":1,"s:30:35:30:Infinity":3,"f:31:2:31:17":2,"s:31:26:31:Infinity":4,"f:32:2:32:23":3,"s:32:23:32:Infinity":5,"f:33:2:33:15":4,"s:33:24:33:Infinity":6,"f:37:22:37:42":5,"s:38:14:38:Infinity":7,"b:39:2:39:Infinity:undefined:undefined:undefined:undefined":0,"s:39:2:39:Infinity":8,"s:39:15:39:Infinity":9,"s:40:2:40:Infinity":10},"fnNames":{}}}
,"/Users/matte/projects/pleasantliving/tsairbnb/src/endpoints/get-markets.ts": {"path":"/Users/matte/projects/pleasantliving/tsairbnb/src/endpoints/get-markets.ts","statementMap":{"0":{"start":{"line":17,"column":2},"end":{"line":21,"column":null}},"1":{"start":{"line":18,"column":16},"end":{"line":18,"column":null}},"2":{"start":{"line":19,"column":19},"end":{"line":19,"column":null}},"3":{"start":{"line":20,"column":4},"end":{"line":20,"column":null}},"4":{"start":{"line":23,"column":17},"end":{"line":23,"column":null}},"5":{"start":{"line":24,"column":19},"end":{"line":24,"column":null}},"6":{"start":{"line":25,"column":14},"end":{"line":25,"column":null}},"7":{"start":{"line":26,"column":13},"end":{"line":26,"column":null}},"8":{"start":{"line":27,"column":14},"end":{"line":27,"column":null}},"9":{"start":{"line":28,"column":2},"end":{"line":28,"column":null}},"10":{"start":{"line":29,"column":2},"end":{"line":29,"column":null}},"11":{"start":{"line":29,"column":28},"end":{"line":29,"column":95}},"12":{"start":{"line":29,"column":95},"end":{"line":29,"column":155}},"13":{"start":{"line":30,"column":2},"end":{"line":30,"column":null}},"14":{"start":{"line":30,"column":26},"end":{"line":30,"column":null}},"15":{"start":{"line":33,"column":2},"end":{"line":33,"column":null}},"16":{"start":{"line":33,"column":8},"end":{"line":33,"column":36}},"17":{"start":{"line":33,"column":46},"end":{"line":33,"column":102}},"18":{"start":{"line":34,"column":17},"end":{"line":34,"column":null}},"19":{"start":{"line":35,"column":2},"end":{"line":35,"column":null}}},"fnMap":{"0":{"name":"getMarkets","decl":{"start":{"line":16,"column":22},"end":{"line":16,"column":33}},"loc":{"start":{"line":16,"column":85},"end":{"line":36,"column":null}},"line":16}},"branchMap":{"0":{"loc":{"start":{"line":17,"column":2},"end":{"line":21,"column":null}},"type":"if","locations":[{"start":{"line":17,"column":2},"end":{"line":21,"column":null}},{"start":{},"end":{}}],"line":17},"1":{"loc":{"start":{"line":19,"column":19},"end":{"line":19,"column":null}},"type":"binary-expr","locations":[{"start":{"line":19,"column":19},"end":{"line":19,"column":49}},{"start":{"line":19,"column":49},"end":{"line":19,"column":84}},{"start":{"line":19,"column":84},"end":{"line":19,"column":null}}],"line":19},"2":{"loc":{"start":{"line":20,"column":29},"end":{"line":20,"column":69}},"type":"cond-expr","locations":[{"start":{"line":20,"column":52},"end":{"line":20,"column":60}},{"start":{"line":20,"column":60},"end":{"line":20,"column":69}}],"line":20},"3":{"loc":{"start":{"line":23,"column":17},"end":{"line":23,"column":null}},"type":"binary-expr","locations":[{"start":{"line":23,"column":17},"end":{"line":23,"column":34}},{"start":{"line":23,"column":34},"end":{"line":23,"column":null}}],"line":23},"4":{"loc":{"start":{"line":29,"column":2},"end":{"line":29,"column":null}},"type":"if","locations":[{"start":{"line":29,"column":2},"end":{"line":29,"column":null}},{"start":{},"end":{}}],"line":29},"5":{"loc":{"start":{"line":30,"column":2},"end":{"line":30,"column":null}},"type":"if","locations":[{"start":{"line":30,"column":2},"end":{"line":30,"column":null}},{"start":{},"end":{}}],"line":30},"6":{"loc":{"start":{"line":34,"column":17},"end":{"line":34,"column":null}},"type":"binary-expr","locations":[{"start":{"line":34,"column":17},"end":{"line":34,"column":47}},{"start":{"line":34,"column":47},"end":{"line":34,"column":82}},{"start":{"line":34,"column":82},"end":{"line":34,"column":null}}],"line":34},"7":{"loc":{"start":{"line":35,"column":27},"end":{"line":35,"column":67}},"type":"cond-expr","locations":[{"start":{"line":35,"column":50},"end":{"line":35,"column":58}},{"start":{"line":35,"column":58},"end":{"line":35,"column":67}}],"line":35}},"s":{"0":23,"1":3,"2":3,"3":3,"4":20,"5":23,"6":23,"7":23,"8":23,"9":20,"10":20,"11":1,"12":1,"13":19,"14":2,"15":17,"16":17,"17":1,"18":16,"19":23},"f":{"0":23},"b":{"0":[3,20],"1":[3,1,1],"2":[1,2],"3":[20,20],"4":[1,19],"5":[2,17],"6":[16,2,1],"7":[13,3]},"meta":{"lastBranch":8,"lastFunction":1,"lastStatement":20,"seen":{"f:16:22:16:33":0,"b:17:2:21:Infinity:undefined:undefined:undefined:undefined":0,"s:17:2:21:Infinity":0,"s:18:16:18:Infinity":1,"s:19:19:19:Infinity":2,"b:19:19:19:49:19:49:19:84:19:84:19:Infinity":1,"s:20:4:20:Infinity":3,"b:20:52:20:60:20:60:20:69":2,"s:23:17:23:Infinity":4,"b:23:17:23:34:23:34:23:Infinity":3,"s:24:19:24:Infinity":5,"s:25:14:25:Infinity":6,"s:26:13:26:Infinity":7,"s:27:14:27:Infinity":8,"s:28:2:28:Infinity":9,"b:29:2:29:Infinity:undefined:undefined:undefined:undefined":4,"s:29:2:29:Infinity":10,"s:29:28:29:95":11,"s:29:95:29:155":12,"b:30:2:30:Infinity:undefined:undefined:undefined:undefined":5,"s:30:2:30:Infinity":13,"s:30:26:30:Infinity":14,"s:33:2:33:Infinity":15,"s:33:8:33:36":16,"s:33:46:33:102":17,"s:34:17:34:Infinity":18,"b:34:17:34:47:34:47:34:82:34:82:34:Infinity":6,"s:35:2:35:Infinity":19,"b:35:50:35:58:35:58:35:67":7},"fnNames":{}}}
,"/Users/matte/projects/pleasantliving/tsairbnb/src/endpoints/get-metadata-from-url.ts": {"path":"/Users/matte/projects/pleasantliving/tsairbnb/src/endpoints/get-metadata-from-url.ts","statementMap":{"0":{"start":{"line":17,"column":26},"end":{"line":17,"column":null}},"1":{"start":{"line":18,"column":20},"end":{"line":18,"column":null}},"2":{"start":{"line":19,"column":15},"end":{"line":19,"column":null}},"3":{"start":{"line":20,"column":22},"end":{"line":20,"column":null}},"4":{"start":{"line":21,"column":22},"end":{"line":21,"column":null}},"5":{"start":{"line":35,"column":2},"end":{"line":37,"column":null}},"6":{"start":{"line":36,"column":4},"end":{"line":36,"column":null}},"7":{"start":{"line":39,"column":13},"end":{"line":39,"column":null}},"8":{"start":{"line":40,"column":14},"end":{"line":43,"column":null}},"9":{"start":{"line":44,"column":2},"end":{"line":44,"column":null}},"10":{"start":{"line":45,"column":2},"end":{"line":48,"column":null}},"11":{"start":{"line":46,"column":4},"end":{"line":46,"column":null}},"12":{"start":{"line":47,"column":4},"end":{"line":47,"column":null}},"13":{"start":{"line":49,"column":2},"end":{"line":49,"column":null}},"14":{"start":{"line":49,"column":26},"end":{"line":49,"column":null}},"15":{"start":{"line":50,"column":2},"end":{"line":50,"column":null}},"16":{"start":{"line":54,"column":29},"end":{"line":54,"column":null}},"17":{"start":{"line":55,"column":19},"end":{"line":55,"column":null}},"18":{"start":{"line":56,"column":2},"end":{"line":56,"column":null}},"19":{"start":{"line":56,"column":17},"end":{"line":56,"column":null}},"20":{"start":{"line":58,"column":19},"end":{"line":58,"column":null}},"21":{"start":{"line":59,"column":17},"end":{"line":59,"column":null}},"22":{"start":{"line":60,"column":23},"end":{"line":60,"column":null}},"23":{"start":{"line":61,"column":20},"end":{"line":61,"column":null}},"24":{"start":{"line":63,"column":22},"end":{"line":63,"column":null}},"25":{"start":{"line":64,"column":2},"end":{"line":72,"column":null}},"26":{"start":{"line":65,"column":4},"end":{"line":71,"column":null}},"27":{"start":{"line":66,"column":22},"end":{"line":66,"column":null}},"28":{"start":{"line":67,"column":21},"end":{"line":67,"column":null}},"29":{"start":{"line":68,"column":6},"end":{"line":68,"column":null}},"30":{"start":{"line":70,"column":6},"end":{"line":70,"column":null}},"31":{"start":{"line":74,"column":2},"end":{"line":86,"column":null}}},"fnMap":{"0":{"name":"getMetadataFromUrl","decl":{"start":{"line":34,"column":22},"end":{"line":34,"column":41}},"loc":{"start":{"line":34,"column":93},"end":{"line":51,"column":null}},"line":34},"1":{"name":"parseHtml","decl":{"start":{"line":53,"column":9},"end":{"line":53,"column":19}},"loc":{"start":{"line":53,"column":122},"end":{"line":87,"column":null}},"line":53}},"branchMap":{"0":{"loc":{"start":{"line":35,"column":2},"end":{"line":37,"column":null}},"type":"if","locations":[{"start":{"line":35,"column":2},"end":{"line":37,"column":null}},{"start":{},"end":{}}],"line":35},"1":{"loc":{"start":{"line":36,"column":36},"end":{"line":36,"column":60}},"type":"binary-expr","locations":[{"start":{"line":36,"column":36},"end":{"line":36,"column":56}},{"start":{"line":36,"column":56},"end":{"line":36,"column":60}}],"line":36},"2":{"loc":{"start":{"line":42,"column":28},"end":{"line":42,"column":49}},"type":"binary-expr","locations":[{"start":{"line":42,"column":28},"end":{"line":42,"column":45}},{"start":{"line":42,"column":45},"end":{"line":42,"column":49}}],"line":42},"3":{"loc":{"start":{"line":45,"column":2},"end":{"line":48,"column":null}},"type":"if","locations":[{"start":{"line":45,"column":2},"end":{"line":48,"column":null}},{"start":{},"end":{}}],"line":45},"4":{"loc":{"start":{"line":49,"column":2},"end":{"line":49,"column":null}},"type":"if","locations":[{"start":{"line":49,"column":2},"end":{"line":49,"column":null}},{"start":{},"end":{}}],"line":49},"5":{"loc":{"start":{"line":50,"column":29},"end":{"line":50,"column":48}},"type":"binary-expr","locations":[{"start":{"line":50,"column":29},"end":{"line":50,"column":44}},{"start":{"line":50,"column":44},"end":{"line":50,"column":48}}],"line":50},"6":{"loc":{"start":{"line":53,"column":94},"end":{"line":53,"column":122}},"type":"default-arg","locations":[{"start":{"line":53,"column":99},"end":{"line":53,"column":122}}],"line":53},"7":{"loc":{"start":{"line":56,"column":2},"end":{"line":56,"column":null}},"type":"if","locations":[{"start":{"line":56,"column":2},"end":{"line":56,"column":null}},{"start":{},"end":{}}],"line":56},"8":{"loc":{"start":{"line":58,"column":19},"end":{"line":58,"column":null}},"type":"binary-expr","locations":[{"start":{"line":58,"column":19},"end":{"line":58,"column":51}},{"start":{"line":58,"column":51},"end":{"line":58,"column":null}}],"line":58},"9":{"loc":{"start":{"line":59,"column":17},"end":{"line":59,"column":null}},"type":"binary-expr","locations":[{"start":{"line":59,"column":17},"end":{"line":59,"column":44}},{"start":{"line":59,"column":44},"end":{"line":59,"column":null}}],"line":59},"10":{"loc":{"start":{"line":60,"column":23},"end":{"line":60,"column":null}},"type":"binary-expr","locations":[{"start":{"line":60,"column":23},"end":{"line":60,"column":57}},{"start":{"line":60,"column":57},"end":{"line":60,"column":null}}],"line":60},"11":{"loc":{"start":{"line":61,"column":20},"end":{"line":61,"column":null}},"type":"binary-expr","locations":[{"start":{"line":61,"column":20},"end":{"line":61,"column":54}},{"start":{"line":61,"column":54},"end":{"line":61,"column":null}}],"line":61},"12":{"loc":{"start":{"line":64,"column":2},"end":{"line":72,"column":null}},"type":"if","locations":[{"start":{"line":64,"column":2},"end":{"line":72,"column":null}},{"start":{},"end":{}}],"line":64},"13":{"loc":{"start":{"line":68,"column":13},"end":{"line":68,"column":null}},"type":"binary-expr","locations":[{"start":{"line":68,"column":13},"end":{"line":68,"column":50}},{"start":{"line":68,"column":50},"end":{"line":68,"column":null}}],"line":68},"14":{"loc":{"start":{"line":79,"column":17},"end":{"line":79,"column":null}},"type":"cond-expr","locations":[{"start":{"line":79,"column":35},"end":{"line":79,"column":62}},{"start":{"line":79,"column":62},"end":{"line":79,"column":null}}],"line":79},"15":{"loc":{"start":{"line":81,"column":18},"end":{"line":81,"column":null}},"type":"cond-expr","locations":[{"start":{"line":81,"column":23},"end":{"line":81,"column":41}},{"start":{"line":81,"column":41},"end":{"line":81,"column":null}}],"line":81}},"s":{"0":3,"1":3,"2":3,"3":3,"4":3,"5":23,"6":2,"7":21,"8":21,"9":21,"10":21,"11":1,"12":1,"13":20,"14":2,"15":18,"16":20,"17":20,"18":20,"19":1,"20":20,"21":20,"22":20,"23":20,"24":20,"25":20,"26":19,"27":19,"28":19,"29":19,"30":1,"31":20},"f":{"0":23,"1":20},"b":{"0":[2,21],"1":[2,2],"2":[21,4],"3":[1,20],"4":[2,18],"5":[18,16],"6":[20],"7":[1,19],"8":[20,18],"9":[20,3],"10":[20,8],"11":[20,19],"12":[19,1],"13":[19,18],"14":[18,2],"15":[18,2]},"meta":{"lastBranch":16,"lastFunction":2,"lastStatement":32,"seen":{"s:17:26:17:Infinity":0,"s:18:20:18:Infinity":1,"s:19:15:19:Infinity":2,"s:20:22:20:Infinity":3,"s:21:22:21:Infinity":4,"f:34:22:34:41":0,"b:35:2:37:Infinity:undefined:undefined:undefined:undefined":0,"s:35:2:37:Infinity":5,"s:36:4:36:Infinity":6,"b:36:36:36:56:36:56:36:60":1,"s:39:13:39:Infinity":7,"s:40:14:43:Infinity":8,"b:42:28:42:45:42:45:42:49":2,"s:44:2:44:Infinity":9,"b:45:2:48:Infinity:undefined:undefined:undefined:undefined":3,"s:45:2:48:Infinity":10,"s:46:4:46:Infinity":11,"s:47:4:47:Infinity":12,"b:49:2:49:Infinity:undefined:undefined:undefined:undefined":4,"s:49:2:49:Infinity":13,"s:49:26:49:Infinity":14,"s:50:2:50:Infinity":15,"b:50:29:50:44:50:44:50:48":5,"f:53:9:53:19":1,"b:53:99:53:122":6,"s:54:29:54:Infinity":16,"s:55:19:55:Infinity":17,"b:56:2:56:Infinity:undefined:undefined:undefined:undefined":7,"s:56:2:56:Infinity":18,"s:56:17:56:Infinity":19,"s:58:19:58:Infinity":20,"b:58:19:58:51:58:51:58:Infinity":8,"s:59:17:59:Infinity":21,"b:59:17:59:44:59:44:59:Infinity":9,"s:60:23:60:Infinity":22,"b:60:23:60:57:60:57:60:Infinity":10,"s:61:20:61:Infinity":23,"b:61:20:61:54:61:54:61:Infinity":11,"s:63:22:63:Infinity":24,"b:64:2:72:Infinity:undefined:undefined:undefined:undefined":12,"s:64:2:72:Infinity":25,"s:65:4:71:Infinity":26,"s:66:22:66:Infinity":27,"s:67:21:67:Infinity":28,"s:68:6:68:Infinity":29,"b:68:13:68:50:68:50:68:Infinity":13,"s:70:6:70:Infinity":30,"s:74:2:86:Infinity":31,"b:79:35:79:62:79:62:79:Infinity":14,"b:81:23:81:41:81:41:81:Infinity":15},"fnNames":{}}}
,"/Users/matte/projects/pleasantliving/tsairbnb/src/endpoints/get-places-ids.ts": {"path":"/Users/matte/projects/pleasantliving/tsairbnb/src/endpoints/get-places-ids.ts","statementMap":{"0":{"start":{"line":17,"column":2},"end":{"line":21,"column":null}},"1":{"start":{"line":18,"column":16},"end":{"line":18,"column":null}},"2":{"start":{"line":19,"column":19},"end":{"line":19,"column":null}},"3":{"start":{"line":20,"column":4},"end":{"line":20,"column":null}},"4":{"start":{"line":23,"column":17},"end":{"line":23,"column":null}},"5":{"start":{"line":24,"column":19},"end":{"line":24,"column":null}},"6":{"start":{"line":25,"column":13},"end":{"line":29,"column":null}},"7":{"start":{"line":30,"column":14},"end":{"line":30,"column":null}},"8":{"start":{"line":31,"column":13},"end":{"line":31,"column":null}},"9":{"start":{"line":32,"column":14},"end":{"line":32,"column":null}},"10":{"start":{"line":33,"column":2},"end":{"line":33,"column":null}},"11":{"start":{"line":34,"column":2},"end":{"line":34,"column":null}},"12":{"start":{"line":34,"column":28},"end":{"line":34,"column":98}},"13":{"start":{"line":34,"column":98},"end":{"line":34,"column":158}},"14":{"start":{"line":35,"column":2},"end":{"line":35,"column":null}},"15":{"start":{"line":35,"column":26},"end":{"line":35,"column":null}},"16":{"start":{"line":38,"column":2},"end":{"line":38,"column":null}},"17":{"start":{"line":38,"column":8},"end":{"line":38,"column":36}},"18":{"start":{"line":38,"column":46},"end":{"line":38,"column":102}},"19":{"start":{"line":39,"column":17},"end":{"line":39,"column":null}},"20":{"start":{"line":40,"column":2},"end":{"line":40,"column":null}}},"fnMap":{"0":{"name":"getPlacesIds","decl":{"start":{"line":16,"column":22},"end":{"line":16,"column":35}},"loc":{"start":{"line":16,"column":86},"end":{"line":41,"column":null}},"line":16}},"branchMap":{"0":{"loc":{"start":{"line":17,"column":2},"end":{"line":21,"column":null}},"type":"if","locations":[{"start":{"line":17,"column":2},"end":{"line":21,"column":null}},{"start":{},"end":{}}],"line":17},"1":{"loc":{"start":{"line":19,"column":19},"end":{"line":19,"column":null}},"type":"binary-expr","locations":[{"start":{"line":19,"column":19},"end":{"line":19,"column":55}},{"start":{"line":19,"column":55},"end":{"line":19,"column":96}},{"start":{"line":19,"column":96},"end":{"line":19,"column":null}}],"line":19},"2":{"loc":{"start":{"line":20,"column":29},"end":{"line":20,"column":69}},"type":"cond-expr","locations":[{"start":{"line":20,"column":52},"end":{"line":20,"column":60}},{"start":{"line":20,"column":60},"end":{"line":20,"column":69}}],"line":20},"3":{"loc":{"start":{"line":23,"column":17},"end":{"line":23,"column":null}},"type":"binary-expr","locations":[{"start":{"line":23,"column":17},"end":{"line":23,"column":34}},{"start":{"line":23,"column":34},"end":{"line":23,"column":null}}],"line":23},"4":{"loc":{"start":{"line":34,"column":2},"end":{"line":34,"column":null}},"type":"if","locations":[{"start":{"line":34,"column":2},"end":{"line":34,"column":null}},{"start":{},"end":{}}],"line":34},"5":{"loc":{"start":{"line":35,"column":2},"end":{"line":35,"column":null}},"type":"if","locations":[{"start":{"line":35,"column":2},"end":{"line":35,"column":null}},{"start":{},"end":{}}],"line":35},"6":{"loc":{"start":{"line":39,"column":17},"end":{"line":39,"column":null}},"type":"binary-expr","locations":[{"start":{"line":39,"column":17},"end":{"line":39,"column":53}},{"start":{"line":39,"column":53},"end":{"line":39,"column":94}},{"start":{"line":39,"column":94},"end":{"line":39,"column":null}}],"line":39},"7":{"loc":{"start":{"line"
[...]
/pleasantliving/tsairbnb/src/parsers/search.ts","statementMap":{"0":{"start":{"line":14,"column":21},"end":{"line":14,"column":null}},"1":{"start":{"line":15,"column":20},"end":{"line":15,"column":null}},"2":{"start":{"line":17,"column":127},"end":{"line":65,"column":null}},"3":{"start":{"line":20,"column":21},"end":{"line":20,"column":null}},"4":{"start":{"line":22,"column":23},"end":{"line":22,"column":null}},"5":{"start":{"line":23,"column":19},"end":{"line":51,"column":null}},"6":{"start":{"line":25,"column":20},"end":{"line":25,"column":null}},"7":{"start":{"line":26,"column":10},"end":{"line":26,"column":null}},"8":{"start":{"line":29,"column":25},"end":{"line":29,"column":null}},"9":{"start":{"line":30,"column":24},"end":{"line":30,"column":null}},"10":{"start":{"line":31,"column":26},"end":{"line":31,"column":null}},"11":{"start":{"line":32,"column":10},"end":{"line":50,"column":null}},"12":{"start":{"line":41,"column":72},"end":{"line":41,"column":107}},"13":{"start":{"line":42,"column":84},"end":{"line":42,"column":102}},"14":{"start":{"line":52,"column":26},"end":{"line":52,"column":null}},"15":{"start":{"line":53,"column":6},"end":{"line":53,"column":null}},"16":{"start":{"line":53,"column":29},"end":{"line":53,"column":null}},"17":{"start":{"line":54,"column":6},"end":{"line":54,"column":null}},"18":{"start":{"line":59,"column":18},"end":{"line":59,"column":null}},"19":{"start":{"line":61,"column":6},"end":{"line":61,"column":null}},"20":{"start":{"line":62,"column":6},"end":{"line":62,"column":null}},"21":{"start":{"line":69,"column":20},"end":{"line":69,"column":null}},"22":{"start":{"line":70,"column":2},"end":{"line":70,"column":null}},"23":{"start":{"line":70,"column":37},"end":{"line":70,"column":null}},"24":{"start":{"line":71,"column":2},"end":{"line":71,"column":null}},"25":{"start":{"line":75,"column":24},"end":{"line":75,"column":null}},"26":{"start":{"line":76,"column":2},"end":{"line":76,"column":null}}},"fnMap":{"0":{"name":"(anonymous_0)","decl":{"start":{"line":20,"column":4},"end":{"line":20,"column":13}},"loc":{"start":{"line":20,"column":21},"end":{"line":20,"column":null}},"line":20},"1":{"name":"(anonymous_1)","decl":{"start":{"line":21,"column":4},"end":{"line":21,"column":12}},"loc":{"start":{"line":21,"column":30},"end":{"line":55,"column":null}},"line":21},"2":{"name":"(anonymous_2)","decl":{"start":{"line":24,"column":9},"end":{"line":24,"column":17}},"loc":{"start":{"line":24,"column":23},"end":{"line":27,"column":9}},"line":24},"3":{"name":"(anonymous_3)","decl":{"start":{"line":28,"column":9},"end":{"line":28,"column":14}},"loc":{"start":{"line":28,"column":20},"end":{"line":51,"column":9}},"line":28},"4":{"name":"(anonymous_4)","decl":{"start":{"line":41,"column":61},"end":{"line":41,"column":66}},"loc":{"start":{"line":41,"column":72},"end":{"line":41,"column":107}},"line":41},"5":{"name":"(anonymous_5)","decl":{"start":{"line":42,"column":73},"end":{"line":42,"column":78}},"loc":{"start":{"line":42,"column":84},"end":{"line":42,"column":102}},"line":42},"6":{"name":"(anonymous_6)","decl":{"start":{"line":59,"column":4},"end":{"line":59,"column":18}},"loc":{"start":{"line":59,"column":18},"end":{"line":59,"column":null}},"line":59},"7":{"name":"(anonymous_7)","decl":{"start":{"line":60,"column":4},"end":{"line":60,"column":12}},"loc":{"start":{"line":60,"column":31},"end":{"line":63,"column":null}},"line":60},"8":{"name":"extractTotal","decl":{"start":{"line":67,"column":9},"end":{"line":67,"column":22}},"loc":{"start":{"line":67,"column":55},"end":{"line":72,"column":null}},"line":67},"9":{"name":"parseSearch","decl":{"start":{"line":74,"column":22},"end":{"line":74,"column":34}},"loc":{"start":{"line":74,"column":65},"end":{"line":77,"column":null}},"line":74}},"branchMap":{"0":{"loc":{"start":{"line":22,"column":23},"end":{"line":22,"column":null}},"type":"binary-expr","locations":[{"start":{"line":22,"column":23},"end":{"line":22,"column":50}},{"start":{"line":22,"column":50},"end":{"line":22,"column":null}}],"line":22},"1":{"loc":{"start":{"line":26,"column":17},"end":{"line":26,"column":null}},"type":"binary-expr","locations":[{"start":{"line":26,"column":17},"end":{"line":26,"column":23}},{"start":{"line":26,"column":23},"end":{"line":26,"column":null}}],"line":26},"2":{"loc":{"start":{"line":33,"column":20},"end":{"line":33,"column":null}},"type":"binary-expr","locations":[{"start":{"line":33,"column":20},"end":{"line":33,"column":73}},{"start":{"line":33,"column":73},"end":{"line":33,"column":null}}],"line":33},"3":{"loc":{"start":{"line":33,"column":43},"end":{"line":33,"column":67}},"type":"binary-expr","locations":[{"start":{"line":33,"column":43},"end":{"line":33,"column":65}},{"start":{"line":33,"column":65},"end":{"line":33,"column":67}}],"line":33},"4":{"loc":{"start":{"line":37,"column":24},"end":{"line":37,"column":null}},"type":"binary-expr","locations":[{"start":{"line":37,"column":24},"end":{"line":37,"column":89}},{"start":{"line":37,"column":89},"end":{"line":37,"column":null}}],"line":37},"5":{"loc":{"start":{"line":38,"column":25},"end":{"line":38,"column":null}},"type":"binary-expr","locations":[{"start":{"line":38,"column":25},"end":{"line":38,"column":91}},{"start":{"line":38,"column":91},"end":{"line":38,"column":null}}],"line":38},"6":{"loc":{"start":{"line":40,"column":20},"end":{"line":40,"column":null}},"type":"binary-expr","locations":[{"start":{"line":40,"column":20},"end":{"line":40,"column":86}},{"start":{"line":40,"column":86},"end":{"line":40,"column":null}}],"line":40},"7":{"loc":{"start":{"line":40,"column":45},"end":{"line":40,"column":80}},"type":"binary-expr","locations":[{"start":{"line":40,"column":45},"end":{"line":40,"column":78}},{"start":{"line":40,"column":78},"end":{"line":40,"column":80}}],"line":40},"8":{"loc":{"start":{"line":41,"column":22},"end":{"line":41,"column":45}},"type":"binary-expr","locations":[{"start":{"line":41,"column":22},"end":{"line":41,"column":43}},{"start":{"line":41,"column":43},"end":{"line":41,"column":45}}],"line":41},"9":{"loc":{"start":{"line":42,"column":22},"end":{"line":42,"column":57}},"type":"binary-expr","locations":[{"start":{"line":42,"column":22},"end":{"line":42,"column":55}},{"start":{"line":42,"column":55},"end":{"line":42,"column":57}}],"line":42},"10":{"loc":{"start":{"line":43,"column":19},"end":{"line":49,"column":null}},"type":"cond-expr","locations":[{"start":{"line":44,"column":16},"end":{"line":48,"column":null}},{"start":{"line":49,"column":16},"end":{"line":49,"column":null}}],"line":43},"11":{"loc":{"start":{"line":45,"column":48},"end":{"line":45,"column":110}},"type":"binary-expr","locations":[{"start":{"line":45,"column":48},"end":{"line":45,"column":82}},{"start":{"line":45,"column":82},"end":{"line":45,"column":108}},{"start":{"line":45,"column":108},"end":{"line":45,"column":110}}],"line":45},"12":{"loc":{"start":{"line":52,"column":26},"end":{"line":52,"column":null}},"type":"binary-expr","locations":[{"start":{"line":52,"column":26},"end":{"line":52,"column":52}},{"start":{"line":52,"column":52},"end":{"line":52,"column":null}}],"line":52},"13":{"loc":{"start":{"line":53,"column":6},"end":{"line":53,"column":null}},"type":"if","locations":[{"start":{"line":53,"column":6},"end":{"line":53,"column":null}},{"start":{},"end":{}}],"line":53},"14":{"loc":{"start":{"line":70,"column":2},"end":{"line":70,"column":null}},"type":"if","locations":[{"start":{"line":70,"column":2},"end":{"line":70,"column":null}},{"start":{},"end":{}}],"line":70}},"s":{"0":4,"1":4,"2":4,"3":16,"4":19,"5":19,"6":13,"7":13,"8":11,"9":11,"10":11,"11":11,"12":2,"13":2,"14":19,"15":19,"16":8,"17":19,"18":3,"19":3,"20":3,"21":5,"22":5,"23":2,"24":3,"25":14,"26":14},"f":{"0":16,"1":19,"2":13,"3":11,"4":2,"5":2,"6":3,"7":3,"8":5,"9":14},"b":{"0":[19,0],"1":[13,13],"2":[11,4],"3":[11,4],"4":[11,9],"5":[11,9],"6":[11,9],"7":[11,9],"8":[11,9],"9":[11,9],"10":[5,6],"11":[5,0,0],"12":[19,16],"13":[8,11],"14":[2,3]},"meta":{"lastBranch":15,"lastFunction":10,"lastStatement":27,"seen":{"s:14:21:14:Infinity":0,"s:15:20:15:Infinity":1,"s:17:127:65:Infinity":2,"f:20:4:20:13":0,"s:20:21:20:Infinity":3,"f:21:4:21:12":1,"s:22:23:22:Infinity":4,"b:22:23:22:50:22:50:22:Infinity":0,"s:23:19:51:Infinity":5,"f:24:9:24:17":2,"s:25:20:25:Infinity":6,"s:26:10:26:Infinity":7,"b:26:17:26:23:26:23:26:Infinity":1,"f:28:9:28:14":3,"s:29:25:29:Infinity":8,"s:30:24:30:Infinity":9,"s:31:26:31:Infinity":10,"s:32:10:50:Infinity":11,"b:33:20:33:73:33:73:33:Infinity":2,"b:33:43:33:65:33:65:33:67":3,"b:37:24:37:89:37:89:37:Infinity":4,"b:38:25:38:91:38:91:38:Infinity":5,"b:40:20:40:86:40:86:40:Infinity":6,"b:40:45:40:78:40:78:40:80":7,"b:41:22:41:43:41:43:41:45":8,"f:41:61:41:66":4,"s:41:72:41:107":12,"b:42:22:42:55:42:55:42:57":9,"f:42:73:42:78":5,"s:42:84:42:102":13,"b:44:16:48:Infinity:49:16:49:Infinity":10,"b:45:48:45:82:45:82:45:108:45:108:45:110":11,"s:52:26:52:Infinity":14,"b:52:26:52:52:52:52:52:Infinity":12,"b:53:6:53:Infinity:undefined:undefined:undefined:undefined":13,"s:53:6:53:Infinity":15,"s:53:29:53:Infinity":16,"s:54:6:54:Infinity":17,"f:59:4:59:18":6,"s:59:18:59:Infinity":18,"f:60:4:60:12":7,"s:61:6:61:Infinity":19,"s:62:6:62:Infinity":20,"f:67:9:67:22":8,"s:69:20:69:Infinity":21,"b:70:2:70:Infinity:undefined:undefined:undefined:undefined":14,"s:70:2:70:Infinity":22,"s:70:37:70:Infinity":23,"s:71:2:71:Infinity":24,"f:74:22:74:34":9,"s:75:24:75:Infinity":25,"s:76:2:76:Infinity":26},"fnNames":{}}}
,"/Users/matte/projects/pleasantliving/tsairbnb/src/registry/hashes-resolver.ts": {"path":"/Users/matte/projects/pleasantliving/tsairbnb/src/registry/hashes-resolver.ts","statementMap":{"0":{"start":{"line":13,"column":17},"end":{"line":13,"column":null}},"1":{"start":{"line":16,"column":2},"end":{"line":16,"column":null}},"2":{"start":{"line":19,"column":2},"end":{"line":19,"column":null}},"3":{"start":{"line":21,"column":19},"end":{"line":21,"column":null}},"4":{"start":{"line":23,"column":22},"end":{"line":28,"column":null}},"5":{"start":{"line":31,"column":17},"end":{"line":31,"column":27}},"6":{"start":{"line":34,"column":15},"end":{"line":34,"column":null}},"7":{"start":{"line":35,"column":22},"end":{"line":35,"column":null}},"8":{"start":{"line":36,"column":2},"end":{"line":38,"column":null}},"9":{"start":{"line":37,"column":4},"end":{"line":37,"column":null}},"10":{"start":{"line":39,"column":20},"end":{"line":39,"column":null}},"11":{"start":{"line":42,"column":17},"end":{"line":42,"column":null}},"12":{"start":{"line":43,"column":22},"end":{"line":43,"column":null}},"13":{"start":{"line":44,"column":28},"end":{"line":44,"column":null}},"14":{"start":{"line":45,"column":2},"end":{"line":47,"column":null}},"15":{"start":{"line":46,"column":4},"end":{"line":46,"column":null}},"16":{"start":{"line":48,"column":21},"end":{"line":48,"column":null}},"17":{"start":{"line":49,"column":20},"end":{"line":49,"column":null}},"18":{"start":{"line":52,"column":16},"end":{"line":52,"column":null}},"19":{"start":{"line":53,"column":14},"end":{"line":53,"column":null}},"20":{"start":{"line":54,"column":21},"end":{"line":54,"column":null}},"21":{"start":{"line":57,"column":2},"end":{"line":72,"column":null}},"22":{"start":{"line":58,"column":16},"end":{"line":58,"column":null}},"23":{"start":{"line":59,"column":18},"end":{"line":59,"column":null}},"24":{"start":{"line":60,"column":4},"end":{"line":63,"column":null}},"25":{"start":{"line":61,"column":16},"end":{"line":61,"column":null}},"26":{"start":{"line":62,"column":6},"end":{"line":62,"column":null}},"27":{"start":{"line":62,"column":18},"end":{"line":62,"column":null}},"28":{"start":{"line":65,"column":4},"end":{"line":71,"column":null}},"29":{"start":{"line":66,"column":18},"end":{"line":66,"column":null}},"30":{"start":{"line":67,"column":6},"end":{"line":70,"column":null}},"31":{"start":{"line":68,"column":18},"end":{"line":68,"column":null}},"32":{"start":{"line":69,"column":8},"end":{"line":69,"column":null}},"33":{"start":{"line":69,"column":20},"end":{"line":69,"column":null}},"34":{"start":{"line":74,"column":2},"end":{"line":74,"column":null}}},"fnMap":{"0":{"name":"fetchStaysSearchHash","decl":{"start":{"line":30,"column":22},"end":{"line":30,"column":62}},"loc":{"start":{"line":30,"column":62},"end":{"line":75,"column":null}},"line":30}},"branchMap":{"0":{"loc":{"start":{"line":36,"column":2},"end":{"line":38,"column":null}},"type":"if","locations":[{"start":{"line":36,"column":2},"end":{"line":38,"column":null}},{"start":{},"end":{}}],"line":36},"1":{"loc":{"start":{"line":36,"column":6},"end":{"line":36,"column":48}},"type":"binary-expr","locations":[{"start":{"line":36,"column":6},"end":{"line":36,"column":22}},{"start":{"line":36,"column":22},"end":{"line":36,"column":48}}],"line":36},"2":{"loc":{"start":{"line":44,"column":28},"end":{"line":44,"column":null}},"type":"binary-expr","locations":[{"start":{"line":44,"column":28},"end":{"line":44,"column":61}},{"start":{"line":44,"column":61},"end":{"line":44,"column":null}}],"line":44},"3":{"loc":{"start":{"line":45,"column":2},"end":{"line":47,"column":null}},"type":"if","locations":[{"start":{"line":45,"column":2},"end":{"line":47,"column":null}},{"start":{},"end":{}}],"line":45},"4":{"loc":{"start":{"line":45,"column":6},"end":{"line":45,"column":48}},"type":"binary-expr","locations":[{"start":{"line":45,"column":6},"end":{"line":45,"column":22}},{"start":{"line":45,"column":22},"end":{"line":45,"column":48}}],"line":45},"5":{"loc":{"start":{"line":62,"column":6},"end":{"line":62,"column":null}},"type":"if","locations":[{"start":{"line":62,"column":6},"end":{"line":62,"column":null}},{"start":{},"end":{}}],"line":62},"6":{"loc":{"start":{"line":65,"column":4},"end":{"line":71,"column":null}},"type":"if","locations":[{"start":{"line":65,"column":4},"end":{"line":71,"column":null}},{"start":{},"end":{}}],"line":65},"7":{"loc":{"start":{"line":67,"column":6},"end":{"line":70,"column":null}},"type":"if","locations":[{"start":{"line":67,"column":6},"end":{"line":70,"column":null}},{"start":{},"end":{}}],"line":67},"8":{"loc":{"start":{"line":67,"column":10},"end":{"line":67,"column":35}},"type":"binary-expr","locations":[{"start":{"line":67,"column":10},"end":{"line":67,"column":17}},{"start":{"line":67,"column":17},"end":{"line":67,"column":35}}],"line":67},"9":{"loc":{"start":{"line":69,"column":8},"end":{"line":69,"column":null}},"type":"if","locations":[{"start":{"line":69,"column":8},"end":{"line":69,"column":null}},{"start":{},"end":{}}],"line":69}},"s":{"0":3,"1":3,"2":3,"3":3,"4":3,"5":15,"6":15,"7":14,"8":14,"9":1,"10":13,"11":13,"12":13,"13":13,"14":15,"15":1,"16":12,"17":12,"18":12,"19":12,"20":12,"21":12,"22":17,"23":17,"24":17,"25":50,"26":50,"27":8,"28":9,"29":5,"30":5,"31":1,"32":1,"33":1,"34":3},"f":{"0":15},"b":{"0":[1,13],"1":[14,13],"2":[13,0],"3":[1,14],"4":[15,12],"5":[8,42],"6":[5,4],"7":[1,4],"8":[5,2],"9":[1,0]},"meta":{"lastBranch":10,"lastFunction":1,"lastStatement":35,"seen":{"s:13:17:13:Infinity":0,"s:16:2:16:Infinity":1,"s:19:2:19:Infinity":2,"s:21:19:21:Infinity":3,"s:23:22:28:Infinity":4,"f:30:22:30:62":0,"s:31:17:31:27":5,"s:34:15:34:Infinity":6,"s:35:22:35:Infinity":7,"b:36:2:38:Infinity:undefined:undefined:undefined:undefined":0,"s:36:2:38:Infinity":8,"b:36:6:36:22:36:22:36:48":1,"s:37:4:37:Infinity":9,"s:39:20:39:Infinity":10,"s:42:17:42:Infinity":11,"s:43:22:43:Infinity":12,"s:44:28:44:Infinity":13,"b:44:28:44:61:44:61:44:Infinity":2,"b:45:2:47:Infinity:undefined:undefined:undefined:undefined":3,"s:45:2:47:Infinity":14,"b:45:6:45:22:45:22:45:48":4,"s:46:4:46:Infinity":15,"s:48:21:48:Infinity":16,"s:49:20:49:Infinity":17,"s:52:16:52:Infinity":18,"s:53:14:53:Infinity":19,"s:54:21:54:Infinity":20,"s:57:2:72:Infinity":21,"s:58:16:58:Infinity":22,"s:59:18:59:Infinity":23,"s:60:4:63:Infinity":24,"s:61:16:61:Infinity":25,"b:62:6:62:Infinity:undefined:undefined:undefined:undefined":5,"s:62:6:62:Infinity":26,"s:62:18:62:Infinity":27,"b:65:4:71:Infinity:undefined:undefined:undefined:undefined":6,"s:65:4:71:Infinity":28,"s:66:18:66:Infinity":29,"b:67:6:70:Infinity:undefined:undefined:undefined:undefined":7,"s:67:6:70:Infinity":30,"b:67:10:67:17:67:17:67:35":8,"s:68:18:68:Infinity":31,"b:69:8:69:Infinity:undefined:undefined:undefined:undefined":9,"s:69:8:69:Infinity":32,"s:69:20:69:Infinity":33,"s:74:2:74:Infinity":34},"fnNames":{}}}
,"/Users/matte/projects/pleasantliving/tsairbnb/src/registry/hashes.ts": {"path":"/Users/matte/projects/pleasantliving/tsairbnb/src/registry/hashes.ts","statementMap":{"0":{"start":{"line":9,"column":33},"end":{"line":17,"column":null}},"1":{"start":{"line":21,"column":40},"end":{"line":21,"column":null}},"2":{"start":{"line":25,"column":24},"end":{"line":25,"column":null}},"3":{"start":{"line":26,"column":14},"end":{"line":26,"column":null}},"4":{"start":{"line":27,"column":19},"end":{"line":27,"column":null}},"5":{"start":{"line":28,"column":2},"end":{"line":28,"column":null}},"6":{"start":{"line":28,"column":16},"end":{"line":28,"column":null}},"7":{"start":{"line":30,"column":2},"end":{"line":35,"column":null}},"8":{"start":{"line":31,"column":4},"end":{"line":31,"column":null}},"9":{"start":{"line":31,"column":28},"end":{"line":31,"column":null}},"10":{"start":{"line":32,"column":37},"end":{"line":32,"column":null}},"11":{"start":{"line":33,"column":4},"end":{"line":33,"column":null}},"12":{"start":{"line":34,"column":4},"end":{"line":34,"column":null}},"13":{"start":{"line":37,"column":2},"end":{"line":37,"column":null}},"14":{"start":{"line":42,"column":2},"end":{"line":42,"column":null}}},"fnMap":{"0":{"name":"resolveHash","decl":{"start":{"line":24,"column":22},"end":{"line":24,"column":34}},"loc":{"start":{"line":24,"column":77},"end":{"line":38,"column":null}},"line":24},"1":{"name":"extensions","decl":{"start":{"line":41,"column":16},"end":{"line":41,"column":27}},"loc":{"start":{"line":41,"column":67},"end":{"line":43,"column":null}},"line":41}},"branchMap":{"0":{"loc":{"start":{"line":28,"column":2},"end":{"line":28,"column":null}},"type":"if","locations":[{"start":{"line":28,"column":2},"end":{"line":28,"column":null}},{"start":{},"end":{}}],"line":28},"1":{"loc":{"start":{"line":30,"column":2},"end":{"line":35,"column":null}},"type":"if","locations":[{"start":{"line":30,"column":2},"end":{"line":35,"column":null}},{"start":{},"end":{}}],"line":30},"2":{"loc":{"start":{"line":31,"column":4},"end":{"line":31,"column":null}},"type":"if","locations":[{"start":{"line":31,"column":4},"end":{"line":31,"column":null}},{"start":{},"end":{}}],"line":31}},"s":{"0":14,"1":14,"2":67,"3":67,"4":67,"5":67,"6":1,"7":66,"8":18,"9":14,"10":4,"11":4,"12":4,"13":48,"14":65},"f":{"0":67,"1":65},"b":{"0":[1,66],"1":[18,48],"2":[14,4]},"meta":{"lastBranch":3,"lastFunction":2,"lastStatement":15,"seen":{"s:9:33:17:Infinity":0,"s:21:40:21:Infinity":1,"f:24:22:24:34":0,"s:25:24:25:Infinity":2,"s:26:14:26:Infinity":3,"s:27:19:27:Infinity":4,"b:28:2:28:Infinity:undefined:undefined:undefined:undefined":0,"s:28:2:28:Infinity":5,"s:28:16:28:Infinity":6,"b:30:2:35:Infinity:undefined:undefined:undefined:undefined":1,"s:30:2:35:Infinity":7,"b:31:4:31:Infinity:undefined:undefined:undefined:undefined":2,"s:31:4:31:Infinity":8,"s:31:28:31:Infinity":9,"s:32:37:32:Infinity":10,"s:33:4:33:Infinity":11,"s:34:4:34:Infinity":12,"s:37:2:37:Infinity":13,"f:41:16:41:27":1,"s:42:2:42:Infinity":14},"fnNames":{}}}
,"/Users/matte/projects/pleasantliving/tsairbnb/src/types/domain.ts": {"path":"/Users/matte/projects/pleasantliving/tsairbnb/src/types/domain.ts","statementMap":{},"fnMap":{},"branchMap":{},"s":{},"f":{},"b":{},"meta":{"lastBranch":0,"lastFunction":0,"lastStatement":0,"seen":{},"fnNames":{}}}
,"/Users/matte/projects/pleasantliving/tsairbnb/src/types/envelope.ts": {"path":"/Users/matte/projects/pleasantliving/tsairbnb/src/types/envelope.ts","statementMap":{},"fnMap":{},"branchMap":{},"s":{},"f":{},"b":{},"meta":{"lastBranch":0,"lastFunction":0,"lastStatement":0,"seen":{},"fnNames":{}}}
}
